This is LuaTeX, Version beta-0.80.0 (TeX Live 2015) (rev 5238)  (format=lualatex 2015.8.25)  12 DEC 2018 12:51
 \write18 enabled.
 file:line:error style messages enabled.
**method.tex
(./method.tex
LaTeX2e <2015/01/01>
Babel <3.9l> and hyphenation patterns for 79 languages loaded.

./method.tex:2: LaTeX Error: Missing \begin{document}.

See the LaTeX manual or LaTeX Companion for explanation.
Type  H <return>  for immediate help.
 ...                                              
                                                  
l.2 T
   he code used for all models of SIRS can be found here: \href{https://gith...
? 
./method.tex:2: Emergency stop.
 ...                                              
                                                  
l.2 T
   he code used for all models of SIRS can be found here: \href{https://gith...
You're in trouble here.  Try typing  <return>  to proceed.
If that doesn't work, type  X <return>  to quit.



Here is how much of LuaTeX's memory you used:
 8 strings out of 494693
 100000,89155 words of node,token memory allocated 205 words of node memory still in use:
   1 hlist, 31 glue_spec, 1 temp, 1 local_par, 1 dir nodes
   avail lists: 2:11,3:1,4:1
 3862 multiletter control sequences out of 65536+600000
 14 fonts using 562767 bytes
 5i,0n,4p,138b,14s stack positions out of 5000i,500n,10000p,200000b,100000s
./method.tex:2:  ==> Fatal error occurred, no output PDF file produced!
