This is LuaTeX, Version beta-0.80.0 (TeX Live 2015) (rev 5238)  (format=lualatex 2015.8.25)  8 OCT 2018 18:47
 \write18 enabled.
 file:line:error style messages enabled.
**result.tex
(./result.tex
LaTeX2e <2015/01/01>
Babel <3.9l> and hyphenation patterns for 79 languages loaded.
./result.tex:2: Undefined control sequence.
l.2 \subsection
             {Ordinary least square, Ridge, and Lasso regression with resamp...
? 
./result.tex:2: Emergency stop.
l.2 \subsection
             {Ordinary least square, Ridge, and Lasso regression with resamp...
End of file on the terminal!



Here is how much of LuaTeX's memory you used:
 7 strings out of 494693
 100000,89155 words of node,token memory allocated 188 words of node memory still in use:
   31 glue_spec, 1 dir nodes
   avail lists: 2:12,3:1
 3862 multiletter control sequences out of 65536+600000
 14 fonts using 562767 bytes
 5i,0n,1p,114b,8s stack positions out of 5000i,500n,10000p,200000b,100000s
./result.tex:2:  ==> Fatal error occurred, no output PDF file produced!
