This is LuaTeX, Version beta-0.80.0 (TeX Live 2015) (rev 5238)  (format=lualatex 2015.8.25)  17 DEC 2018 20:03
 \write18 enabled.
 file:line:error style messages enabled.
**main.tex
(./main.tex
LaTeX2e <2015/01/01>
Babel <3.9l> and hyphenation patterns for 79 languages loaded.
(./preamble.tex (/usr/local/texlive/2015/texmf-dist/tex/latex/base/article.cls
Document Class: article 2014/09/29 v1.4h Standard LaTeX document class
(/usr/local/texlive/2015/texmf-dist/tex/latex/base/size10.clo
File: size10.clo 2014/09/29 v1.4h Standard LaTeX file (size option)
)
\c@part=\count79
\c@section=\count80
\c@subsection=\count81
\c@subsubsection=\count82
\c@paragraph=\count83
\c@subparagraph=\count84
\c@figure=\count85
\c@table=\count86
\abovecaptionskip=\skip41
\belowcaptionskip=\skip42
\bibindent=\dimen102
)
(/usr/local/texlive/2015/texmf-dist/tex/generic/babel/babel.sty
Package: babel 2014/09/25 3.9l The Babel package

(/usr/local/texlive/2015/texmf-dist/tex/generic/babel-norsk/norsk.ldf
Language: norsk 2012/08/06 v2.0i Norsk support from the babel system

(/usr/local/texlive/2015/texmf-dist/tex/generic/babel/babel.def
File: babel.def 2014/09/25 3.9l Babel common definitions
\babel@savecnt=\count87
\U@D=\dimen103

(/usr/local/texlive/2015/texmf-dist/tex/generic/babel/luababel.def
luatex-hyphen: using data file: /usr/local/texlive/2015/texmf-var/tex/generic/co
nfig/language.dat.lua))
Package babel Info: Making " an active character on input line 113.
luatex-hyphen: loading patterns and exceptions for: bokmal (\language59))
(/usr/local/texlive/2015/texmf-dist/tex/generic/babel-english/english.ldf
Language: english 2012/08/20 v3.3p English support from the babel system
\l@canadian = a dialect from \language\l@american 
\l@australian = a dialect from \language\l@british 
\l@newzealand = a dialect from \language\l@british 
)

Package babel Warning: Last declared language option is `norsk,
(babel)                but the last processed one was `english'.
(babel)                The main language cannot be set as both a global
(babel)                and a package option. Use `main=norsk' as
(babel)                option. Reported on input line 314.

) (/usr/local/texlive/2015/texmf-dist/tex/latex/base/fontenc.sty
Package: fontenc 2005/09/27 v1.99g Standard LaTeX package

(/usr/local/texlive/2015/texmf-dist/tex/latex/base/t1enc.def
File: t1enc.def 2005/09/27 v1.99g Standard LaTeX file
LaTeX Font Info:    Redeclaring font encoding T1 on input line 48.
))
(/usr/local/texlive/2015/texmf-dist/tex/latex/graphics/graphicx.sty
Package: graphicx 2014/10/28 v1.0g Enhanced LaTeX Graphics (DPC,SPQR)

(/usr/local/texlive/2015/texmf-dist/tex/latex/graphics/keyval.sty
Package: keyval 2014/10/28 v1.15 key=value parser (DPC)
\KV@toks@=\toks14
)
(/usr/local/texlive/2015/texmf-dist/tex/latex/graphics/graphics.sty
Package: graphics 2014/10/28 v1.0p Standard LaTeX Graphics (DPC,SPQR)

(/usr/local/texlive/2015/texmf-dist/tex/latex/graphics/trig.sty
Package: trig 1999/03/16 v1.09 sin cos tan (DPC)
)
(/usr/local/texlive/2015/texmf-dist/tex/latex/latexconfig/graphics.cfg
File: graphics.cfg 2010/04/23 v1.9 graphics configuration of TeX Live
)
Package graphics Info: Driver file: pdftex.def on input line 94.

(/usr/local/texlive/2015/texmf-dist/tex/latex/pdftex-def/pdftex.def
File: pdftex.def 2011/05/27 v0.06d Graphics/color for pdfTeX

(/usr/local/texlive/2015/texmf-dist/tex/generic/oberdiek/infwarerr.sty
Package: infwarerr 2010/04/08 v1.3 Providing info/warning/error messages (HO)
)
(/usr/local/texlive/2015/texmf-dist/tex/generic/oberdiek/ltxcmds.sty
Package: ltxcmds 2011/11/09 v1.22 LaTeX kernel commands for general use (HO)
)
\Gread@gobject=\count88
))
\Gin@req@height=\dimen104
\Gin@req@width=\dimen105
)
(/usr/local/texlive/2015/texmf-dist/tex/latex/siunitx/siunitx.sty
(/usr/local/texlive/2015/texmf-dist/tex/latex/l3kernel/expl3.sty
Package: expl3 2015/03/01 v5547 L3 programming layer (loader) 

(/usr/local/texlive/2015/texmf-dist/tex/latex/l3kernel/expl3-code.tex
Package: expl3 2015/03/01 v5547 L3 programming layer (code) 
L3 Module: l3bootstrap 2015/02/28 v5542 L3 Bootstrap code
L3 Module: l3names 2015/02/24 v5535 L3 Namespace for primitives
L3 Module: l3basics 2015/01/27 v5500 L3 Basic definitions
L3 Module: l3expan 2014/11/27 v5472 L3 Argument expansion
L3 Module: l3tl 2015/01/27 v5500 L3 Token lists
L3 Module: l3str 2015/03/01 v5545 L3 Strings
L3 Module: l3seq 2014/08/23 v5354 L3 Sequences and stacks
L3 Module: l3int 2015/02/21 v5529 L3 Integers
\c_max_int=\count89
\l_tmpa_int=\count90
\l_tmpb_int=\count91
\g_tmpa_int=\count92
\g_tmpb_int=\count93
L3 Module: l3quark 2014/08/23 v5354 L3 Quarks
L3 Module: l3prg 2014/08/23 v5354 L3 Control structures
\g__prg_map_int=\count94
L3 Module: l3clist 2014/08/23 v5354 L3 Comma separated lists
L3 Module: l3token 2014/09/15 v5422 L3 Experimental token manipulation
L3 Module: l3prop 2014/08/23 v5354 L3 Property lists
L3 Module: l3msg 2015/02/26 v5537 L3 Messages
L3 Module: l3file 2014/08/24 v5369 L3 File and I/O operations
\l_iow_line_count_int=\count95
\l__iow_target_count_int=\count96
\l__iow_current_line_int=\count97
\l__iow_current_word_int=\count98
\l__iow_current_indentation_int=\count99
L3 Module: l3skip 2014/08/23 v5354 L3 Dimensions and skips
\c_zero_dim=\dimen106
\c_max_dim=\dimen107
\l_tmpa_dim=\dimen108
\l_tmpb_dim=\dimen109
\g_tmpa_dim=\dimen110
\g_tmpb_dim=\dimen111
\c_zero_skip=\skip43
\c_max_skip=\skip44
\l_tmpa_skip=\skip45
\l_tmpb_skip=\skip46
\g_tmpa_skip=\skip47
\g_tmpb_skip=\skip48
\c_zero_muskip=\muskip10
\c_max_muskip=\muskip11
\l_tmpa_muskip=\muskip12
\l_tmpb_muskip=\muskip13
\g_tmpa_muskip=\muskip14
\g_tmpb_muskip=\muskip15
L3 Module: l3keys 2015/01/27 v5500 L3 Key-value interfaces
\g__keyval_level_int=\count100
\l_keys_choice_int=\count101
L3 Module: l3fp 2014/08/22 v5336 L3 Floating points
\c__fp_leading_shift_int=\count102
\c__fp_middle_shift_int=\count103
\c__fp_trailing_shift_int=\count104
\c__fp_big_leading_shift_int=\count105
\c__fp_big_middle_shift_int=\count106
\c__fp_big_trailing_shift_int=\count107
\c__fp_Bigg_leading_shift_int=\count108
\c__fp_Bigg_middle_shift_int=\count109
\c__fp_Bigg_trailing_shift_int=\count110
L3 Module: l3box 2014/08/23 v5354 L3 Experimental boxes
\c_empty_box=\box26
\l_tmpa_box=\box27
\l_tmpb_box=\box28
\g_tmpa_box=\box29
\g_tmpb_box=\box30
L3 Module: l3coffins 2014/08/23 v5354 L3 Coffin code layer
\l__coffin_internal_box=\box31
\l__coffin_internal_dim=\dimen112
\l__coffin_offset_x_dim=\dimen113
\l__coffin_offset_y_dim=\dimen114
\l__coffin_x_dim=\dimen115
\l__coffin_y_dim=\dimen116
\l__coffin_x_prime_dim=\dimen117
\l__coffin_y_prime_dim=\dimen118
\c_empty_coffin=\box32
\l__coffin_aligned_coffin=\box33
\l__coffin_aligned_internal_coffin=\box34
\l_tmpa_coffin=\box35
\l_tmpb_coffin=\box36
\l__coffin_display_coffin=\box37
\l__coffin_display_coord_coffin=\box38
\l__coffin_display_pole_coffin=\box39
\l__coffin_display_offset_dim=\dimen119
\l__coffin_display_x_dim=\dimen120
\l__coffin_display_y_dim=\dimen121
L3 Module: l3color 2014/08/23 v5354 L3 Experimental color support
L3 Module: l3candidates 2015/03/01 v5544 L3 Experimental additions to l3kernel
\l__box_top_dim=\dimen122
\l__box_bottom_dim=\dimen123
\l__box_left_dim=\dimen124
\l__box_right_dim=\dimen125
\l__box_top_new_dim=\dimen126
\l__box_bottom_new_dim=\dimen127
\l__box_left_new_dim=\dimen128
\l__box_right_new_dim=\dimen129
\l__box_internal_box=\box40
\l__coffin_bounding_shift_dim=\dimen130
\l__coffin_left_corner_dim=\dimen131
\l__coffin_right_corner_dim=\dimen132
\l__coffin_bottom_corner_dim=\dimen133
\l__coffin_top_corner_dim=\dimen134
\l__coffin_scaled_total_height_dim=\dimen135
\l__coffin_scaled_width_dim=\dimen136
)
(/usr/local/texlive/2015/texmf-dist/tex/latex/l3kernel/l3unicode-data.def
File: l3unicode-data.def 2015/03/01 v5544 L3 Unicode data
)
(/usr/local/texlive/2015/texmf-dist/tex/latex/l3kernel/l3pdfmode.def
File: l3pdfmode.def 2015/03/01 v5544 L3 Experimental driver: PDF mode
\l__driver_color_stack_int=\count111
))
(/usr/local/texlive/2015/texmf-dist/tex/latex/l3packages/xparse/xparse.sty
Package: xparse 2014/11/25 v5471 L3 Experimental document command parser
\l__xparse_current_arg_int=\count112
\l__xparse_m_args_int=\count113
\l__xparse_mandatory_args_int=\count114
\l__xparse_processor_int=\count115
\l__xparse_v_nesting_int=\count116
)
Package: siunitx 2015/01/21 v2.6e A comprehensive (SI) units package

(/usr/local/texlive/2015/texmf-dist/tex/latex/amsmath/amstext.sty
Package: amstext 2000/06/29 v2.01

(/usr/local/texlive/2015/texmf-dist/tex/latex/amsmath/amsgen.sty
File: amsgen.sty 1999/11/30 v2.0
\@emptytoks=\toks15
\ex@=\dimen137
))
(/usr/local/texlive/2015/texmf-dist/tex/latex/tools/array.sty
Package: array 2014/10/28 v2.4c Tabular extension package (FMi)
\col@sep=\dimen138
\extrarowheight=\dimen139
\NC@list=\toks16
\extratabsurround=\skip49
\backup@length=\skip50
)
(/usr/local/texlive/2015/texmf-dist/tex/latex/l3packages/l3keys2e/l3keys2e.sty
Package: l3keys2e 2014/11/25 v5471 LaTeX2e option processing using LaTeX3 keys
)
Variant \tl_if_blank:VTF already defined; not changing it on line 50
\l__siunitx_tmp_box=\box41
\l__siunitx_tmp_dim=\dimen140
\l__siunitx_tmp_int=\count117
Variant \prop_get:NVNT already defined; not changing it on line 380
Variant \prop_get:NVNF already defined; not changing it on line 381
Variant \prop_get:NVNTF already defined; not changing it on line 382
\l__siunitx_number_mantissa_length_int=\count118
\l__siunitx_number_uncert_length_int=\count119
\l__siunitx_round_int=\count120
\l__siunitx_process_decimal_int=\count121
\l__siunitx_process_uncertainty_int=\count122
\l__siunitx_process_fixed_int=\count123
\l__siunitx_process_integer_min_int=\count124
\l__siunitx_process_precision_int=\count125
\l__siunitx_group_min_int=\count126
\l__siunitx_angle_marker_box=\box42
\l__siunitx_angle_unit_box=\box43
\l__siunitx_angle_marker_dim=\dimen141
\l__siunitx_angle_unit_dim=\dimen142
\l__siunitx_unit_int=\count127
\l__siunitx_unit_denominator_int=\count128
\l__siunitx_unit_numerator_int=\count129
\l__siunitx_unit_prefix_int=\count130
\l__siunitx_unit_prefix_base_int=\count131
\l__siunitx_unit_prefix_gram_int=\count132
\l__siunitx_number_product_int=\count133
\c__siunitx_one_fill_skip=\skip51
\l__siunitx_table_unit_align_skip=\skip52
\l__siunitx_table_exponent_dim=\dimen143
\l__siunitx_table_integer_dim=\dimen144
\l__siunitx_table_mantissa_dim=\dimen145
\l__siunitx_table_marker_dim=\dimen146
\l__siunitx_table_result_dim=\dimen147
\l__siunitx_table_uncert_dim=\dimen148
\l__siunitx_table_fill_pre_dim=\dimen149
\l__siunitx_table_fill_post_dim=\dimen150
\l__siunitx_table_fill_mid_dim=\dimen151
\l__siunitx_table_pre_box=\box44
\l__siunitx_table_post_box=\box45
\l__siunitx_table_mantissa_box=\box46
\l__siunitx_table_result_box=\box47
\l__siunitx_table_number_align_skip=\skip53
\l__siunitx_table_text_align_skip=\skip54
.................................................
. LaTeX info: "xparse/define-command"
. 
. Defining command \DeclareBinaryPrefix with sig. 'mmm' on line 7176.
.................................................
.................................................
. LaTeX info: "xparse/define-command"
. 
. Defining command \DeclareSIPostPower with sig. 'mm' on line 7179.
.................................................
.................................................
. LaTeX info: "xparse/define-command"
. 
. Defining command \DeclareSIPrefix with sig. 'mmm' on line 7182.
.................................................
.................................................
. LaTeX info: "xparse/define-command"
. 
. Defining command \DeclareSIPrePower with sig. 'mm' on line 7185.
.................................................
.................................................
. LaTeX info: "xparse/define-command"
. 
. Defining command \DeclareSIQualifier with sig. 'mm' on line 7188.
.................................................
.................................................
. LaTeX info: "xparse/define-command"
. 
. Defining command \DeclareSIUnit with sig. 'O{}mm' on line 7191.
.................................................
.................................................
. LaTeX info: "xparse/define-command"
. 
. Defining command \DeclareSIUnitWithOptions with sig. 'mmm' on line 7194.
.................................................
.................................................
. LaTeX info: "xparse/define-command"
. 
. Defining command \ang with sig. 'o>{\SplitArgument {2}{;}}m' on line 7209.
.................................................
.................................................
. LaTeX info: "xparse/define-command"
. 
. Defining command \num with sig. 'om' on line 7217.
.................................................
.................................................
. LaTeX info: "xparse/define-command"
. 
. Defining command \numlist with sig. 'o>{\SplitList {;}}m' on line 7225.
.................................................
.................................................
. LaTeX info: "xparse/define-command"
. 
. Defining command \numrange with sig. 'omm' on line 7233.
.................................................
.................................................
. LaTeX info: "xparse/define-command"
. 
. Defining command \SIlist with sig. 'o>{\SplitList {;}}mm' on line 7244.
.................................................
.................................................
. LaTeX info: "xparse/define-command"
. 
. Defining command \SIrange with sig. 'ommm' on line 7255.
.................................................
.................................................
. LaTeX info: "xparse/define-command"
. 
. Defining command \SI with sig. 'omom' on line 7266.
.................................................
.................................................
. LaTeX info: "xparse/define-command"
. 
. Defining command \sisetup with sig. 'm' on line 7269.
.................................................
.................................................
. LaTeX info: "xparse/define-command"
. 
. Defining command \tablenum with sig. 'om' on line 7281.
.................................................
.................................................
. LaTeX info: "xparse/define-command"
. 
. Defining command \si with sig. 'om' on line 7292.
.................................................
.................................................
. LaTeX info: "xparse/define-command"
. 
. Defining command \__siunitx_bookmark_num:w with sig. 'om' on line 7339.
.................................................
.................................................
. LaTeX info: "xparse/define-command"
. 
. Defining command \__siunitx_bookmark_numrange:w with sig. 'omm' on line
. 7341.
.................................................
.................................................
. LaTeX info: "xparse/define-command"
. 
. Defining command \__siunitx_bookmark_SI:w with sig. 'omom' on line 7343.
.................................................
.................................................
. LaTeX info: "xparse/define-command"
. 
. Defining command \__siunitx_bookmark_SIlist:w with sig. 'omm' on line 7345.
.................................................
.................................................
. LaTeX info: "xparse/define-command"
. 
. Defining command \__siunitx_bookmark_SIrange:w with sig. 'ommm' on line
. 7347.
.................................................
.................................................
. LaTeX info: "xparse/define-command"
. 
. Defining command \__siunitx_bookmark_si:w with sig. 'om' on line 7348.
.................................................
\g__file_internal_ior=\read1

(/usr/local/texlive/2015/texmf-dist/tex/latex/beamer/translator/translator.sty
Package: translator 2010/06/12 ver 1.10

(/usr/local/texlive/2015/texmf-dist/tex/latex/beamer/translator/translator-lang
uage-mappings.tex)))
(/usr/local/texlive/2015/texmf-dist/tex/latex/xcolor/xcolor.sty
Package: xcolor 2007/01/21 v2.11 LaTeX color extensions (UK)

(/usr/local/texlive/2015/texmf-dist/tex/latex/latexconfig/color.cfg
File: color.cfg 2007/01/18 v1.5 color configuration of teTeX/TeXLive
)
Package xcolor Info: Package option `usenames' ignored on input line 216.
Package xcolor Info: Driver file: pdftex.def on input line 225.

(/usr/local/texlive/2015/texmf-dist/tex/latex/colortbl/colortbl.sty
Package: colortbl 2012/02/13 v1.0a Color table columns (DPC)
\everycr=\toks17
\minrowclearance=\skip55
)
\rownum=\count134
Package xcolor Info: Model `cmy' substituted by `cmy0' on input line 1337.
Package xcolor Info: Model `hsb' substituted by `rgb' on input line 1341.
Package xcolor Info: Model `RGB' extended on input line 1353.
Package xcolor Info: Model `HTML' substituted by `rgb' on input line 1355.
Package xcolor Info: Model `Hsb' substituted by `hsb' on input line 1356.
Package xcolor Info: Model `tHsb' substituted by `hsb' on input line 1357.
Package xcolor Info: Model `HSB' substituted by `hsb' on input line 1358.
Package xcolor Info: Model `Gray' substituted by `gray' on input line 1359.
Package xcolor Info: Model `wave' substituted by `hsb' on input line 1360.

(/usr/local/texlive/2015/texmf-dist/tex/latex/graphics/dvipsnam.def
File: dvipsnam.def 2014/10/14 v3.0j Driver-dependent file (DPC,SPQR)
)
(/usr/local/texlive/2015/texmf-dist/tex/latex/xcolor/svgnam.def
File: svgnam.def 2007/01/21 v2.11 Predefined colors according to SVG 1.1 (UK)
))
(/usr/local/texlive/2015/texmf-dist/tex/latex/listings/listings.sty
\lst@mode=\count135
\lst@gtempboxa=\box48
\lst@token=\toks18
\lst@length=\count136
\lst@currlwidth=\dimen152
\lst@column=\count137
\lst@pos=\count138
\lst@lostspace=\dimen153
\lst@width=\dimen154
\lst@newlines=\count139
\lst@lineno=\count140
\lst@maxwidth=\dimen155

(/usr/local/texlive/2015/texmf-dist/tex/latex/listings/lstmisc.sty
File: lstmisc.sty 2014/09/06 1.5e (Carsten Heinz)
\c@lstnumber=\count141
\lst@skipnumbers=\count142
\lst@framebox=\box49
)
(/usr/local/texlive/2015/texmf-dist/tex/latex/listings/listings.cfg
File: listings.cfg 2014/09/06 1.5e listings configuration
))
Package: listings 2014/09/06 1.5e (Carsten Heinz)

(/usr/local/texlive/2015/texmf-dist/tex/latex/float/float.sty
Package: float 2001/11/08 v1.3d Float enhancements (AL)
\c@float@type=\count143
\float@exts=\toks19
\float@box=\box50
\@float@everytoks=\toks20
\@floatcapt=\box51
)
(/usr/local/texlive/2015/texmf-dist/tex/latex/fancyhdr/fancyhdr.sty
\fancy@headwidth=\skip56
\f@ncyO@elh=\skip57
\f@ncyO@erh=\skip58
\f@ncyO@olh=\skip59
\f@ncyO@orh=\skip60
\f@ncyO@elf=\skip61
\f@ncyO@erf=\skip62
\f@ncyO@olf=\skip63
\f@ncyO@orf=\skip64
)
(/usr/local/texlive/2015/texmf-dist/tex/latex/geometry/geometry.sty
Package: geometry 2010/09/12 v5.6 Page Geometry

(/usr/local/texlive/2015/texmf-dist/tex/generic/oberdiek/ifpdf.sty
Package: ifpdf 2011/01/30 v2.3 Provides the ifpdf switch (HO)
Package ifpdf Info: pdfTeX in PDF mode is detected.
)
(/usr/local/texlive/2015/texmf-dist/tex/generic/oberdiek/ifvtex.sty
Package: ifvtex 2010/03/01 v1.5 Detect VTeX and its facilities (HO)
Package ifvtex Info: VTeX not detected.
)
(/usr/local/texlive/2015/texmf-dist/tex/generic/ifxetex/ifxetex.sty
Package: ifxetex 2010/09/12 v0.6 Provides ifxetex conditional
)
\Gm@cnth=\count144
\Gm@cntv=\count145
\c@Gm@tempcnt=\count146
\Gm@bindingoffset=\dimen156
\Gm@wd@mp=\dimen157
\Gm@odd@mp=\dimen158
\Gm@even@mp=\dimen159
\Gm@layoutwidth=\dimen160
\Gm@layoutheight=\dimen161
\Gm@layouthoffset=\dimen162
\Gm@layoutvoffset=\dimen163
\Gm@dimlist=\toks21
)
(./mnfrontpage.sty
Package: mnfrontpage 

(/usr/local/texlive/2015/texmf-dist/tex/latex/base/fontenc.sty
Package: fontenc 2005/09/27 v1.99g Standard LaTeX package

(/usr/local/texlive/2015/texmf-dist/tex/latex/base/t1enc.def
File: t1enc.def 2005/09/27 v1.99g Standard LaTeX file
LaTeX Font Info:    Redeclaring font encoding T1 on input line 48.
))
(/usr/local/texlive/2015/texmf-dist/tex/latex/tools/calc.sty
Package: calc 2014/10/28 v4.3 Infix arithmetic (KKT,FJ)
\calc@Acount=\count147
\calc@Bcount=\count148
\calc@Adimen=\dimen164
\calc@Bdimen=\dimen165
\calc@Askip=\skip65
\calc@Bskip=\skip66
LaTeX Info: Redefining \setlength on input line 80.
LaTeX Info: Redefining \addtolength on input line 81.
\calc@Ccount=\count149
\calc@Cskip=\skip67
)
(/usr/local/texlive/2015/texmf-dist/tex/latex/eso-pic/eso-pic.sty
Package: eso-pic 2015/04/20 v2.0e eso-pic (RN)

(/usr/local/texlive/2015/texmf-dist/tex/generic/oberdiek/atbegshi.sty
Package: atbegshi 2011/10/05 v1.16 At begin shipout hook (HO)
))
(/usr/local/texlive/2015/texmf-dist/tex/latex/oberdiek/picture.sty
Package: picture 2009/10/11 v1.3 Dimens for picture macros (HO)
Package picture Info: Calculation method: calc.
)
(/usr/local/texlive/2015/texmf-dist/tex/latex/xifthen/xifthen.sty
Package: xifthen 2009/04/17 v1.3 Extended ifthen features

(/usr/local/texlive/2015/texmf-dist/tex/latex/etex-pkg/etex.sty
Package: etex 2015/03/02 v2.1 eTeX basic definition package (PEB,DPC)
\et@xins=\count150
)
(/usr/local/texlive/2015/texmf-dist/tex/latex/base/ifthen.sty
Package: ifthen 2014/09/29 v1.1c Standard LaTeX ifthen package (DPC)
)
(/usr/local/texlive/2015/texmf-dist/tex/latex/ifmtarg/ifmtarg.sty
Package: ifmtarg 2009/09/02 v1.2a check for an empty argument
))
(/usr/local/texlive/2015/texmf-dist/tex/latex/pgf/frontendlayer/tikz.sty
(/usr/local/texlive/2015/texmf-dist/tex/latex/pgf/basiclayer/pgf.sty
(/usr/local/texlive/2015/texmf-dist/tex/latex/pgf/utilities/pgfrcs.sty
(/usr/local/texlive/2015/texmf-dist/tex/generic/pgf/utilities/pgfutil-common.te
x
\pgfutil@everybye=\toks22
\pgfutil@tempdima=\dimen166
\pgfutil@tempdimb=\dimen167

(/usr/local/texlive/2015/texmf-dist/tex/generic/pgf/utilities/pgfutil-common-li
sts.tex))
(/usr/local/texlive/2015/texmf-dist/tex/generic/pgf/utilities/pgfutil-latex.def
\pgfutil@abb=\box52
(/usr/local/texlive/2015/texmf-dist/tex/latex/ms/everyshi.sty
Package: everyshi 2001/05/15 v3.00 EveryShipout Package (MS)
))
(/usr/local/texlive/2015/texmf-dist/tex/generic/pgf/utilities/pgfrcs.code.tex
Package: pgfrcs 2013/12/20 v3.0.0 (rcs-revision 1.28)
))
Package: pgf 2013/12/18 v3.0.0 (rcs-revision 1.14)

(/usr/local/texlive/2015/texmf-dist/tex/latex/pgf/basiclayer/pgfcore.sty
(/usr/local/texlive/2015/texmf-dist/tex/latex/pgf/systemlayer/pgfsys.sty
(/usr/local/texlive/2015/texmf-dist/tex/generic/pgf/systemlayer/pgfsys.code.tex
Package: pgfsys 2013/11/30 v3.0.0 (rcs-revision 1.47)
(/usr/local/texlive/2015/texmf-dist/tex/generic/pgf/utilities/pgfkeys.code.tex
\pgfkeys@pathtoks=\toks23
\pgfkeys@temptoks=\toks24

(/usr/local/texlive/2015/texmf-dist/tex/generic/pgf/utilities/pgfkeysfiltered.c
ode.tex
\pgfkeys@tmptoks=\toks25
))
\pgf@x=\dimen168
\pgf@y=\dimen169
\pgf@xa=\dimen170
\pgf@ya=\dimen171
\pgf@xb=\dimen172
\pgf@yb=\dimen173
\pgf@xc=\dimen174
\pgf@yc=\dimen175
\w@pgf@writea=\write3
\r@pgf@reada=\read2
\c@pgf@counta=\count151
\c@pgf@countb=\count152
\c@pgf@countc=\count153
\c@pgf@countd=\count154
\t@pgf@toka=\toks26
\t@pgf@tokb=\toks27
\t@pgf@tokc=\toks28

(/usr/local/texlive/2015/texmf-dist/tex/generic/pgf/systemlayer/pgf.cfg
File: pgf.cfg 2008/05/14  (rcs-revision 1.7)
)
Driver file for pgf: pgfsys-pdftex.def

(/usr/local/texlive/2015/texmf-dist/tex/generic/pgf/systemlayer/pgfsys-pdftex.d
ef
File: pgfsys-pdftex.def 2013/07/18  (rcs-revision 1.33)

(/usr/local/texlive/2015/texmf-dist/tex/generic/pgf/systemlayer/pgfsys-common-p
df.def
File: pgfsys-common-pdf.def 2013/10/10  (rcs-revision 1.13)
)))
(/usr/local/texlive/2015/texmf-dist/tex/generic/pgf/systemlayer/pgfsyssoftpath.
code.tex
File: pgfsyssoftpath.code.tex 2013/09/09  (rcs-revision 1.9)
\pgfsyssoftpath@smallbuffer@items=\count155
\pgfsyssoftpath@bigbuffer@items=\count156
)
(/usr/local/texlive/2015/texmf-dist/tex/generic/pgf/systemlayer/pgfsysprotocol.
code.tex
File: pgfsysprotocol.code.tex 2006/10/16  (rcs-revision 1.4)
))
(/usr/local/texlive/2015/texmf-dist/tex/generic/pgf/basiclayer/pgfcore.code.tex
Package: pgfcore 2010/04/11 v3.0.0 (rcs-revision 1.7)
(/usr/local/texlive/2015/texmf-dist/tex/generic/pgf/math/pgfmath.code.tex
(/usr/local/texlive/2015/texmf-dist/tex/generic/pgf/math/pgfmathcalc.code.tex
(/usr/local/texlive/2015/texmf-dist/tex/generic/pgf/math/pgfmathutil.code.tex)
(/usr/local/texlive/2015/texmf-dist/tex/generic/pgf/math/pgfmathparser.code.tex
\pgfmath@dimen=\dimen176
\pgfmath@count=\count157
\pgfmath@box=\box53
\pgfmath@toks=\toks29
\pgfmath@stack@operand=\toks30
\pgfmath@stack@operation=\toks31
)
(/usr/local/texlive/2015/texmf-dist/tex/generic/pgf/math/pgfmathfunctions.code.
tex
(/usr/local/texlive/2015/texmf-dist/tex/generic/pgf/math/pgfmathfunctions.basic
.code.tex)
(/usr/local/texlive/2015/texmf-dist/tex/generic/pgf/math/pgfmathfunctions.trigo
nometric.code.tex)
(/usr/local/texlive/2015/texmf-dist/tex/generic/pgf/math/pgfmathfunctions.rando
m.code.tex)
(/usr/local/texlive/2015/texmf-dist/tex/generic/pgf/math/pgfmathfunctions.compa
rison.code.tex)
(/usr/local/texlive/2015/texmf-dist/tex/generic/pgf/math/pgfmathfunctions.base.
code.tex)
(/usr/local/texlive/2015/texmf-dist/tex/generic/pgf/math/pgfmathfunctions.round
.code.tex)
(/usr/local/texlive/2015/texmf-dist/tex/generic/pgf/math/pgfmathfunctions.misc.
code.tex)
(/usr/local/texlive/2015/texmf-dist/tex/generic/pgf/math/pgfmathfunctions.integ
erarithmetics.code.tex)))
(/usr/local/texlive/2015/texmf-dist/tex/generic/pgf/math/pgfmathfloat.code.tex
\c@pgfmathroundto@lastzeros=\count158
))
(/usr/local/texlive/2015/texmf-dist/tex/generic/pgf/basiclayer/pgfcorepoints.co
de.tex
File: pgfcorepoints.code.tex 2013/10/07  (rcs-revision 1.27)
\pgf@picminx=\dimen177
\pgf@picmaxx=\dimen178
\pgf@picminy=\dimen179
\pgf@picmaxy=\dimen180
\pgf@pathminx=\dimen181
\pgf@pathmaxx=\dimen182
\pgf@pathminy=\dimen183
\pgf@pathmaxy=\dimen184
\pgf@xx=\dimen185
\pgf@xy=\dimen186
\pgf@yx=\dimen187
\pgf@yy=\dimen188
\pgf@zx=\dimen189
\pgf@zy=\dimen190
)
(/usr/local/texlive/2015/texmf-dist/tex/generic/pgf/basiclayer/pgfcorepathconst
ruct.code.tex
File: pgfcorepathconstruct.code.tex 2013/10/07  (rcs-revision 1.29)
\pgf@path@lastx=\dimen191
\pgf@path@lasty=\dimen192
)
(/usr/local/texlive/2015/texmf-dist/tex/generic/pgf/basiclayer/pgfcorepathusage
.code.tex
File: pgfcorepathusage.code.tex 2013/12/13  (rcs-revision 1.23)
\pgf@shorten@end@additional=\dimen193
\pgf@shorten@start@additional=\dimen194
)
(/usr/local/texlive/2015/texmf-dist/tex/generic/pgf/basiclayer/pgfcorescopes.co
de.tex
File: pgfcorescopes.code.tex 2013/10/09  (rcs-revision 1.44)
\pgfpic=\box54
\pgf@hbox=\box55
\pgf@layerbox@main=\box56
\pgf@picture@serial@count=\count159
)
(/usr/local/texlive/2015/texmf-dist/tex/generic/pgf/basiclayer/pgfcoregraphicst
ate.code.tex
File: pgfcoregraphicstate.code.tex 2013/09/19  (rcs-revision 1.11)
\pgflinewidth=\dimen195
)
(/usr/local/texlive/2015/texmf-dist/tex/generic/pgf/basiclayer/pgfcoretransform
ations.code.tex
File: pgfcoretransformations.code.tex 2013/10/10  (rcs-revision 1.17)
\pgf@pt@x=\dimen196
\pgf@pt@y=\dimen197
\pgf@pt@temp=\dimen198
)
(/usr/local/texlive/2015/texmf-dist/tex/generic/pgf/basiclayer/pgfcorequick.cod
e.tex
File: pgfcorequick.code.tex 2008/10/09  (rcs-revision 1.3)
)
(/usr/local/texlive/2015/texmf-dist/tex/generic/pgf/basiclayer/pgfcoreobjects.c
ode.tex
File: pgfcoreobjects.code.tex 2006/10/11  (rcs-revision 1.2)
)
(/usr/local/texlive/2015/texmf-dist/tex/generic/pgf/basiclayer/pgfcorepathproce
ssing.code.tex
File: pgfcorepathprocessing.code.tex 2013/09/09  (rcs-revision 1.9)
)
(/usr/local/texlive/2015/texmf-dist/tex/generic/pgf/basiclayer/pgfcorearrows.co
de.tex
File: pgfcorearrows.code.tex 2013/11/07  (rcs-revision 1.40)
\pgfarrowsep=\dimen199
)
(/usr/local/texlive/2015/texmf-dist/tex/generic/pgf/basiclayer/pgfcoreshade.cod
e.tex
File: pgfcoreshade.code.tex 2013/07/15  (rcs-revision 1.15)
\pgf@max=\dimen200
\pgf@sys@shading@range@num=\count160
)
(/usr/local/texlive/2015/texmf-dist/tex/generic/pgf/basiclayer/pgfcoreimage.cod
e.tex
File: pgfcoreimage.code.tex 2013/07/15  (rcs-revision 1.18)

(/usr/local/texlive/2015/texmf-dist/tex/generic/pgf/basiclayer/pgfcoreexternal.
code.tex
File: pgfcoreexternal.code.tex 2013/07/15  (rcs-revision 1.20)
\pgfexternal@startupbox=\box57
))
(/usr/local/texlive/2015/texmf-dist/tex/generic/pgf/basiclayer/pgfcorelayers.co
de.tex
File: pgfcorelayers.code.tex 2013/07/18  (rcs-revision 1.7)
)
(/usr/local/texlive/2015/texmf-dist/tex/generic/pgf/basiclayer/pgfcoretranspare
ncy.code.tex
File: pgfcoretransparency.code.tex 2013/09/30  (rcs-revision 1.5)
)
(/usr/local/texlive/2015/texmf-dist/tex/generic/pgf/basiclayer/pgfcorepatterns.
code.tex
File: pgfcorepatterns.code.tex 2013/11/07  (rcs-revision 1.5)
)))
(/usr/local/texlive/2015/texmf-dist/tex/generic/pgf/modules/pgfmoduleshapes.cod
e.tex
File: pgfmoduleshapes.code.tex 2013/10/31  (rcs-revision 1.34)
\pgfnodeparttextbox=\box58
)
(/usr/local/texlive/2015/texmf-dist/tex/generic/pgf/modules/pgfmoduleplot.code.
tex
File: pgfmoduleplot.code.tex 2013/07/31  (rcs-revision 1.12)
)
(/usr/local/texlive/2015/texmf-dist/tex/latex/pgf/compatibility/pgfcomp-version
-0-65.sty
Package: pgfcomp-version-0-65 2007/07/03 v3.0.0 (rcs-revision 1.7)
\pgf@nodesepstart=\dimen201
\pgf@nodesepend=\dimen202
)
(/usr/local/texlive/2015/texmf-dist/tex/latex/pgf/compatibility/pgfcomp-version
-1-18.sty
Package: pgfcomp-version-1-18 2007/07/23 v3.0.0 (rcs-revision 1.1)
))
(/usr/local/texlive/2015/texmf-dist/tex/latex/pgf/utilities/pgffor.sty
(/usr/local/texlive/2015/texmf-dist/tex/latex/pgf/utilities/pgfkeys.sty
(/usr/local/texlive/2015/texmf-dist/tex/generic/pgf/utilities/pgfkeys.code.tex))
(/usr/local/texlive/2015/texmf-dist/tex/latex/pgf/math/pgfmath.sty
(/usr/local/texlive/2015/texmf-dist/tex/generic/pgf/math/pgfmath.code.tex))
(/usr/local/texlive/2015/texmf-dist/tex/generic/pgf/utilities/pgffor.code.tex
Package: pgffor 2013/12/13 v3.0.0 (rcs-revision 1.25)

(/usr/local/texlive/2015/texmf-dist/tex/generic/pgf/math/pgfmath.code.tex)
\pgffor@iter=\dimen203
\pgffor@skip=\dimen204
\pgffor@stack=\toks32
\pgffor@toks=\toks33
))
(/usr/local/texlive/2015/texmf-dist/tex/generic/pgf/frontendlayer/tikz/tikz.cod
e.tex
Package: tikz 2013/12/13 v3.0.0 (rcs-revision 1.142)

(/usr/local/texlive/2015/texmf-dist/tex/generic/pgf/libraries/pgflibraryplothan
dlers.code.tex
File: pgflibraryplothandlers.code.tex 2013/08/31 v3.0.0 (rcs-revision 1.20)
\pgf@plot@mark@count=\count161
\pgfplotmarksize=\dimen205
)
\tikz@lastx=\dimen206
\tikz@lasty=\dimen207
\tikz@lastxsaved=\dimen208
\tikz@lastysaved=\dimen209
\tikzleveldistance=\dimen210
\tikzsiblingdistance=\dimen211
\tikz@figbox=\box59
\tikz@figbox@bg=\box60
\tikz@tempbox=\box61
\tikz@tempbox@bg=\box62
\tikztreelevel=\count162
\tikznumberofchildren=\count163
\tikznumberofcurrentchild=\count164
\tikz@fig@count=\count165

(/usr/local/texlive/2015/texmf-dist/tex/generic/pgf/modules/pgfmodulematrix.cod
e.tex
File: pgfmodulematrix.code.tex 2013/09/17  (rcs-revision 1.8)
\pgfmatrixcurrentrow=\count166
\pgfmatrixcurrentcolumn=\count167
\pgf@matrix@numberofcolumns=\count168
)
\tikz@expandcount=\count169

(/usr/local/texlive/2015/texmf-dist/tex/generic/pgf/frontendlayer/tikz/librarie
s/tikzlibrarytopaths.code.tex
File: tikzlibrarytopaths.code.tex 2008/06/17 v3.0.0 (rcs-revision 1.2)
)))
(/usr/local/texlive/2015/texmf-dist/tex/latex/base/fix-cm.sty
Package: fix-cm 2015/01/14 v1.1t fixes to LaTeX

(/usr/local/texlive/2015/texmf-dist/tex/latex/base/ts1enc.def
File: ts1enc.def 2001/06/05 v3.0e (jk/car/fm) Standard LaTeX file
))
\c@MNFP@cur@year=\count170
\c@MNFP@cur@month=\count171
)
(/usr/local/texlive/2015/texmf-dist/tex/latex/hyperref/hyperref.sty
Package: hyperref 2012/11/06 v6.83m Hypertext links for LaTeX

(/usr/local/texlive/2015/texmf-dist/tex/generic/oberdiek/hobsub-hyperref.sty
Package: hobsub-hyperref 2012/05/28 v1.13 Bundle oberdiek, subset hyperref (HO)

(/usr/local/texlive/2015/texmf-dist/tex/generic/oberdiek/hobsub-generic.sty
Package: hobsub-generic 2012/05/28 v1.13 Bundle oberdiek, subset generic (HO)
Package: hobsub 2012/05/28 v1.13 Construct package bundles (HO)
Package hobsub Info: Skipping package `infwarerr' (already loaded).
Package hobsub Info: Skipping package `ltxcmds' (already loaded).
Package: ifluatex 2010/03/01 v1.3 Provides the ifluatex switch (HO)
Package ifluatex Info: LuaTeX detected.
Package hobsub Info: Skipping package `ifvtex' (already loaded).
Package: intcalc 2007/09/27 v1.1 Expandable calculations with integers (HO)
Package hobsub Info: Skipping package `ifpdf' (already loaded).
Package: etexcmds 2011/02/16 v1.5 Avoid name clashes with e-TeX commands (HO)
Package: kvsetkeys 2012/04/25 v1.16 Key value parser (HO)
Package: kvdefinekeys 2011/04/07 v1.3 Define keys (HO)
Package: luatex-loader 2010/03/09 v0.4 Lua module loader (HO)

(/usr/local/texlive/2015/texmf-dist/scripts/oberdiek/oberdiek.luatex.lua)
Package: pdftexcmds 2011/11/29 v0.20 Utility functions of pdfTeX for LuaTeX (HO)

Package pdftexcmds Info: \pdf@primitive is available.
Package pdftexcmds Info: \pdf@ifprimitive is available.
Package pdftexcmds Info: \pdfdraftmode found.
\pdftexcmds@toks=\toks34
Package: pdfescape 2011/11/25 v1.13 Implements pdfTeX's escape features (HO)
Package: bigintcalc 2012/04/08 v1.3 Expandable calculations on big integers (HO)

Package: bitset 2011/01/30 v1.1 Handle bit-vector datatype (HO)
Package: uniquecounter 2011/01/30 v1.2 Provide unlimited unique counter (HO)
)
Package hobsub Info: Skipping package `hobsub' (already loaded).
Package: letltxmacro 2010/09/02 v1.4 Let assignment for LaTeX macros (HO)
Package: hopatch 2012/05/28 v1.2 Wrapper for package hooks (HO)
Package: xcolor-patch 2011/01/30 xcolor patch
Package: atveryend 2011/06/30 v1.8 Hooks at the very end of document (HO)
Package atveryend Info: \enddocument detected (standard20110627).
Package hobsub Info: Skipping package `atbegshi' (already loaded).
Package: refcount 2011/10/16 v3.4 Data extraction from label references (HO)
Package: hycolor 2011/01/30 v1.7 Color options for hyperref/bookmark (HO)
)
(/usr/local/texlive/2015/texmf-dist/tex/latex/oberdiek/auxhook.sty
Package: auxhook 2011/03/04 v1.3 Hooks for auxiliary files (HO)
)
(/usr/local/texlive/2015/texmf-dist/tex/latex/oberdiek/kvoptions.sty
Package: kvoptions 2011/06/30 v3.11 Key value format for package options (HO)
)
\@linkdim=\dimen212
\Hy@linkcounter=\count172
\Hy@pagecounter=\count173

(/usr/local/texlive/2015/texmf-dist/tex/latex/hyperref/pd1enc.def
File: pd1enc.def 2012/11/06 v6.83m Hyperref: PDFDocEncoding definition (HO)
)
\Hy@SavedSpaceFactor=\count174

(/usr/local/texlive/2015/texmf-dist/tex/latex/latexconfig/hyperref.cfg
File: hyperref.cfg 2002/06/06 v1.2 hyperref configuration of TeXLive
)
Package hyperref Info: Hyper figures OFF on input line 4443.
Package hyperref Info: Link nesting OFF on input line 4448.
Package hyperref Info: Hyper index ON on input line 4451.
Package hyperref Info: Plain pages OFF on input line 4458.
Package hyperref Info: Backreferencing OFF on input line 4463.
Package hyperref Info: Implicit mode ON; LaTeX internals redefined.
Package hyperref Info: Bookmarks ON on input line 4688.
\c@Hy@tempcnt=\count175

(/usr/local/texlive/2015/texmf-dist/tex/latex/url/url.sty
\Urlmuskip=\muskip16
Package: url 2013/09/16  ver 3.4  Verb mode for urls, etc.
)
LaTeX Info: Redefining \url on input line 5041.
\XeTeXLinkMargin=\dimen213
\Fld@menulength=\count176
\Field@Width=\dimen214
\Fld@charsize=\dimen215
Package hyperref Info: Hyper figures OFF on input line 6295.
Package hyperref Info: Link nesting OFF on input line 6300.
Package hyperref Info: Hyper index ON on input line 6303.
Package hyperref Info: backreferencing OFF on input line 6310.
Package hyperref Info: Link coloring OFF on input line 6315.
Package hyperref Info: Link coloring with OCG OFF on input line 6320.
Package hyperref Info: PDF/A mode OFF on input line 6325.
LaTeX Info: Redefining \ref on input line 6365.
LaTeX Info: Redefining \pageref on input line 6369.
\Hy@abspage=\count177
\c@Item=\count178
\c@Hfootnote=\count179
)

Package hyperref Message: Driver (autodetected): hpdftex.

(/usr/local/texlive/2015/texmf-dist/tex/latex/hyperref/hpdftex.def
File: hpdftex.def 2012/11/06 v6.83m Hyperref driver for pdfTeX
\Fld@listcount=\count180
\c@bookmark@seq@number=\count181

(/usr/local/texlive/2015/texmf-dist/tex/latex/oberdiek/rerunfilecheck.sty
Package: rerunfilecheck 2011/04/15 v1.7 Rerun checks for auxiliary files (HO)
Package uniquecounter Info: New unique counter `rerunfilecheck' on input line 28
2.
)
\Hy@SectionHShift=\skip68
)
(/usr/local/texlive/2015/texmf-dist/tex/latex/amsmath/amsmath.sty
Package: amsmath 2013/01/14 v2.14 AMS math features
\@mathmargin=\skip69

For additional information on amsmath, use the `?' option.
(/usr/local/texlive/2015/texmf-dist/tex/latex/amsmath/amsbsy.sty
Package: amsbsy 1999/11/29 v1.2d
\pmbraise@=\dimen216
)
(/usr/local/texlive/2015/texmf-dist/tex/latex/amsmath/amsopn.sty
Package: amsopn 1999/12/14 v2.01 operator names
)
\inf@bad=\count182
LaTeX Info: Redefining \frac on input line 210.
\uproot@=\count183
\leftroot@=\count184
LaTeX Info: Redefining \overline on input line 306.
\classnum@=\count185
\DOTSCASE@=\count186
LaTeX Info: Redefining \ldots on input line 378.
LaTeX Info: Redefining \dots on input line 381.
LaTeX Info: Redefining \cdots on input line 466.
\Mathstrutbox@=\box63
\strutbox@=\box64
\big@size=\dimen217
LaTeX Font Info:    Redeclaring font encoding OML on input line 566.
LaTeX Font Info:    Redeclaring font encoding OMS on input line 567.
\macc@depth=\count187
\c@MaxMatrixCols=\count188
\dotsspace@=\muskip17
\c@parentequation=\count189
\dspbrk@lvl=\count190
\tag@help=\toks35
\row@=\count191
\column@=\count192
\maxfields@=\count193
\andhelp@=\toks36
\eqnshift@=\dimen218
\alignsep@=\dimen219
\tagshift@=\dimen220
\tagwidth@=\dimen221
\totwidth@=\dimen222
\lineht@=\dimen223
\@envbody=\toks37
\multlinegap=\skip70
\multlinetaggap=\skip71
\mathdisplay@stack=\toks38
LaTeX Info: Redefining \[ on input line 2665.
LaTeX Info: Redefining \] on input line 2666.
)
(/usr/local/texlive/2015/texmf-dist/tex/latex/multirow/multirow.sty
\bigstrutjot=\dimen224
)
(/usr/local/texlive/2015/texmf-dist/tex/latex/base/inputenc.sty
Package: inputenc 2015/03/17 v1.2c Input encoding file
\inpenc@prehook=\toks39
\inpenc@posthook=\toks40


Package inputenc Warning: inputenc package ignored with utf8 based engines.

) (/usr/local/texlive/2015/texmf-dist/tex/latex/caption/caption.sty
Package: caption 2013/05/02 v3.3-89 Customizing captions (AR)

(/usr/local/texlive/2015/texmf-dist/tex/latex/caption/caption3.sty
Package: caption3 2013/05/02 v1.6-88 caption3 kernel (AR)
Package caption3 Info: TeX engine: e-TeX on input line 57.
\captionmargin=\dimen225
\captionmargin@=\dimen226
\captionwidth=\dimen227
\caption@tempdima=\dimen228
\caption@indent=\dimen229
\caption@parindent=\dimen230
\caption@hangindent=\dimen231
)
\c@ContinuedFloat=\count194
Package caption Info: float package is loaded.
Package caption Info: hyperref package is loaded.
Package caption Info: listings package is loaded.
)
(/usr/local/texlive/2015/texmf-dist/tex/latex/caption/subcaption.sty
Package: subcaption 2013/02/03 v1.1-62 Sub-captions (AR)
\c@subfigure=\count195
\c@subtable=\count196
)
(/usr/local/texlive/2015/texmf-dist/tex/latex/enumitem/enumitem.sty
Package: enumitem 2011/09/28 v3.5.2 Customized lists
\labelindent=\skip72
\enit@outerparindent=\dimen232
\enit@toks=\toks41
\enit@inbox=\box65
\enitdp@description=\count197
)
(/usr/local/texlive/2015/texmf-dist/tex/latex/amsfonts/amssymb.sty
Package: amssymb 2013/01/14 v3.01 AMS font symbols

(/usr/local/texlive/2015/texmf-dist/tex/latex/amsfonts/amsfonts.sty
Package: amsfonts 2013/01/14 v3.01 Basic AMSFonts support
\symAMSa=\mathgroup4
\symAMSb=\mathgroup5
LaTeX Font Info:    Overwriting math alphabet `\mathfrak' in version `bold'
(Font)                  U/euf/m/n --> U/euf/b/n on input line 106.
))
(/usr/local/texlive/2015/texmf-dist/tex/latex/booktabs/booktabs.sty
Package: booktabs 2005/04/14 v1.61803 publication quality tables
\heavyrulewidth=\dimen233
Normal \dimen register pool exhausted, switching to extended pool.
\lightrulewidth=\dimen256
\cmidrulewidth=\dimen257
\belowrulesep=\dimen258
\belowbottomsep=\dimen259
\aboverulesep=\dimen260
\abovetopsep=\dimen261
\cmidrulesep=\dimen262
\cmidrulekern=\dimen263
\defaultaddspace=\dimen264
\@cmidla=\count198
\@cmidlb=\count199
\@aboverulesep=\dimen265
\@belowrulesep=\dimen266
\@thisruleclass=\count200
\@lastruleclass=\count201
\@thisrulewidth=\dimen267
))
(/usr/local/texlive/2015/texmf-dist/tex/latex/csquotes/csquotes.sty
Package: csquotes 2015/04/15 v5.1e context-sensitive quotations (JAW)

(/usr/local/texlive/2015/texmf-dist/tex/latex/etoolbox/etoolbox.sty
Package: etoolbox 2015/05/04 v2.2 e-TeX tools for LaTeX (JAW)
\etb@tempcnta=\count202
)
\csq@reset=\count203
\csq@gtype=\count204
\csq@glevel=\count205
\csq@qlevel=\count206
\csq@maxlvl=\count207
\csq@tshold=\count208
\csq@ltx@everypar=\toks42

(/usr/local/texlive/2015/texmf-dist/tex/latex/csquotes/csquotes.def
File: csquotes.def 2015/04/15 v5.1e csquotes generic definitions (JAW)
)
Package csquotes Info: Trying to load configuration file 'csquotes.cfg'...
Package csquotes Info: ... configuration file loaded successfully.

(/usr/local/texlive/2015/texmf-dist/tex/latex/csquotes/csquotes.cfg
File: csquotes.cfg 
))
(/usr/local/texlive/2015/texmf-dist/tex/latex/psnfss/newcent.sty
Package: newcent 2005/04/12 PSNFSS-v9.2a (SPQR) 
)
(/usr/local/texlive/2015/texmf-dist/tex/latex/base/textcomp.sty
Package: textcomp 2005/09/27 v1.99g Standard LaTeX package
Package textcomp Info: Sub-encoding information:
(textcomp)               5 = only ISO-Adobe without \textcurrency
(textcomp)               4 = 5 + \texteuro
(textcomp)               3 = 4 + \textohm
(textcomp)               2 = 3 + \textestimated + \textcurrency
(textcomp)               1 = TS1 - \textcircled - \t
(textcomp)               0 = TS1 (full)
(textcomp)             Font families with sub-encoding setting implement
(textcomp)             only a restricted character set as indicated.
(textcomp)             Family '?' is the default used for unknown fonts.
(textcomp)             See the documentation for details.
Package textcomp Info: Setting ? sub-encoding to TS1/1 on input line 79.

(/usr/local/texlive/2015/texmf-dist/tex/latex/base/ts1enc.def
File: ts1enc.def 2001/06/05 v3.0e (jk/car/fm) Standard LaTeX file
LaTeX Font Info:    Redeclaring font encoding TS1 on input line 47.
)
LaTeX Info: Redefining \oldstylenums on input line 334.
Package textcomp Info: Setting cmr sub-encoding to TS1/0 on input line 349.
Package textcomp Info: Setting cmss sub-encoding to TS1/0 on input line 350.
Package textcomp Info: Setting cmtt sub-encoding to TS1/0 on input line 351.
Package textcomp Info: Setting cmvtt sub-encoding to TS1/0 on input line 352.
Package textcomp Info: Setting cmbr sub-encoding to TS1/0 on input line 353.
Package textcomp Info: Setting cmtl sub-encoding to TS1/0 on input line 354.
Package textcomp Info: Setting ccr sub-encoding to TS1/0 on input line 355.
Package textcomp Info: Setting ptm sub-encoding to TS1/4 on input line 356.
Package textcomp Info: Setting pcr sub-encoding to TS1/4 on input line 357.
Package textcomp Info: Setting phv sub-encoding to TS1/4 on input line 358.
Package textcomp Info: Setting ppl sub-encoding to TS1/3 on input line 359.
Package textcomp Info: Setting pag sub-encoding to TS1/4 on input line 360.
Package textcomp Info: Setting pbk sub-encoding to TS1/4 on input line 361.
Package textcomp Info: Setting pnc sub-encoding to TS1/4 on input line 362.
Package textcomp Info: Setting pzc sub-encoding to TS1/4 on input line 363.
Package textcomp Info: Setting bch sub-encoding to TS1/4 on input line 364.
Package textcomp Info: Setting put sub-encoding to TS1/5 on input line 365.
Package textcomp Info: Setting uag sub-encoding to TS1/5 on input line 366.
Package textcomp Info: Setting ugq sub-encoding to TS1/5 on input line 367.
Package textcomp Info: Setting ul8 sub-encoding to TS1/4 on input line 368.
Package textcomp Info: Setting ul9 sub-encoding to TS1/4 on input line 369.
Package textcomp Info: Setting augie sub-encoding to TS1/5 on input line 370.
Package textcomp Info: Setting dayrom sub-encoding to TS1/3 on input line 371.
Package textcomp Info: Setting dayroms sub-encoding to TS1/3 on input line 372.
Package textcomp Info: Setting pxr sub-encoding to TS1/0 on input line 373.
Package textcomp Info: Setting pxss sub-encoding to TS1/0 on input line 374.
Package textcomp Info: Setting pxtt sub-encoding to TS1/0 on input line 375.
Package textcomp Info: Setting txr sub-encoding to TS1/0 on input line 376.
Package textcomp Info: Setting txss sub-encoding to TS1/0 on input line 377.
Package textcomp Info: Setting txtt sub-encoding to TS1/0 on input line 378.
Package textcomp Info: Setting lmr sub-encoding to TS1/0 on input line 379.
Package textcomp Info: Setting lmdh sub-encoding to TS1/0 on input line 380.
Package textcomp Info: Setting lmss sub-encoding to TS1/0 on input line 381.
Package textcomp Info: Setting lmssq sub-encoding to TS1/0 on input line 382.
Package textcomp Info: Setting lmvtt sub-encoding to TS1/0 on input line 383.
Package textcomp Info: Setting lmtt sub-encoding to TS1/0 on input line 384.
Package textcomp Info: Setting qhv sub-encoding to TS1/0 on input line 385.
Package textcomp Info: Setting qag sub-encoding to TS1/0 on input line 386.
Package textcomp Info: Setting qbk sub-encoding to TS1/0 on input line 387.
Package textcomp Info: Setting qcr sub-encoding to TS1/0 on input line 388.
Package textcomp Info: Setting qcs sub-encoding to TS1/0 on input line 389.
Package textcomp Info: Setting qpl sub-encoding to TS1/0 on input line 390.
Package textcomp Info: Setting qtm sub-encoding to TS1/0 on input line 391.
Package textcomp Info: Setting qzc sub-encoding to TS1/0 on input line 392.
Package textcomp Info: Setting qhvc sub-encoding to TS1/0 on input line 393.
Package textcomp Info: Setting futs sub-encoding to TS1/4 on input line 394.
Package textcomp Info: Setting futx sub-encoding to TS1/4 on input line 395.
Package textcomp Info: Setting futj sub-encoding to TS1/4 on input line 396.
Package textcomp Info: Setting hlh sub-encoding to TS1/3 on input line 397.
Package textcomp Info: Setting hls sub-encoding to TS1/3 on input line 398.
Package textcomp Info: Setting hlst sub-encoding to TS1/3 on input line 399.
Package textcomp Info: Setting hlct sub-encoding to TS1/5 on input line 400.
Package textcomp Info: Setting hlx sub-encoding to TS1/5 on input line 401.
Package textcomp Info: Setting hlce sub-encoding to TS1/5 on input line 402.
Package textcomp Info: Setting hlcn sub-encoding to TS1/5 on input line 403.
Package textcomp Info: Setting hlcw sub-encoding to TS1/5 on input line 404.
Package textcomp Info: Setting hlcf sub-encoding to TS1/5 on input line 405.
Package textcomp Info: Setting pplx sub-encoding to TS1/3 on input line 406.
Package textcomp Info: Setting pplj sub-encoding to TS1/3 on input line 407.
Package textcomp Info: Setting ptmx sub-encoding to TS1/4 on input line 408.
Package textcomp Info: Setting ptmj sub-encoding to TS1/4 on input line 409.
)
(/usr/local/texlive/2015/texmf-dist/tex/latex/biblatex/biblatex.sty
Package: biblatex 2015/04/19 v3.0 programmable bibliographies (PK/JW/AB)

(/usr/local/texlive/2015/texmf-dist/tex/latex/biblatex/biblatex2.sty
Package: biblatex2 2015/04/19 v3.0 programmable bibliographies (biber) (PK/JW/AB
)

(/usr/local/texlive/2015/texmf-dist/tex/latex/logreq/logreq.sty
Package: logreq 2010/08/04 v1.0 xml request logger
\lrq@indent=\count209

(/usr/local/texlive/2015/texmf-dist/tex/latex/logreq/logreq.def
File: logreq.def 2010/08/04 v1.0 logreq spec v1.0
))
\c@tabx@nest=\count210
\c@listtotal=\count211
\c@listcount=\count212
\c@liststart=\count213
\c@liststop=\count214
\c@citecount=\count215
\c@citetotal=\count216
\c@multicitecount=\count217
\c@multicitetotal=\count218
\c@instcount=\count219
\c@maxnames=\count220
\c@minnames=\count221
\c@maxitems=\count222
\c@minitems=\count223
\c@citecounter=\count224
\c@savedcitecounter=\count225
\c@uniquelist=\count226
\c@uniquename=\count227
\c@refsection=\count228
\c@refsegment=\count229
\c@maxextratitle=\count230
\c@maxextratitleyear=\count231
\c@maxextrayear=\count232
\c@maxextraalpha=\count233
Normal \count register pool exhausted, switching to extended pool.
\c@abbrvpenalty=\count277
\c@highnamepenalty=\count278
\c@lownamepenalty=\count279
\c@maxparens=\count280
\c@parenlevel=\count281
\blx@tempcnta=\count282
\blx@tempcntb=\count283
\blx@tempcntc=\count284
\blx@maxsection=\count285
\blx@maxsegment@0=\count286
\blx@notetype=\count287
\blx@parenlevel@text=\count288
\blx@parenlevel@foot=\count289
\blx@sectionciteorder@0=\count290
\labelnumberwidth=\skip73
\labelalphawidth=\skip74
\biblabelsep=\skip75
\bibitemsep=\skip76
\bibnamesep=\skip77
\bibinitsep=\skip78
\bibparsep=\skip79
\bibhang=\skip80
\blx@bcfin=\read3
\blx@bcfout=\write4
\c@mincomprange=\count291
\c@maxcomprange=\count292
\c@mincompwidth=\count293
Package biblatex Info: Trying to load biblatex default data model...
Package biblatex Info: ... file 'blx-dm.def' found.

(/usr/local/texlive/2015/texmf-dist/tex/latex/biblatex/blx-dm.def)
Package biblatex Info: Trying to load biblatex custom data model...
Package biblatex Info: ... file 'biblatex-dm.cfg' not found.
\c@afterword=\count294
\c@savedafterword=\count295
\c@annotator=\count296
\c@savedannotator=\count297
\c@author=\count298
\c@savedauthor=\count299
\c@bookauthor=\count300
\c@savedbookauthor=\count301
\c@commentator=\count302
\c@savedcommentator=\count303
\c@editor=\count304
\c@savededitor=\count305
\c@editora=\count306
\c@savededitora=\count307
\c@editorb=\count308
\c@savededitorb=\count309
\c@editorc=\count310
\c@savededitorc=\count311
\c@foreword=\count312
\c@savedforeword=\count313
\c@holder=\count314
\c@savedholder=\count315
\c@introduction=\count316
\c@savedintroduction=\count317
\c@namea=\count318
\c@savednamea=\count319
\c@nameb=\count320
\c@savednameb=\count321
\c@namec=\count322
\c@savednamec=\count323
\c@translator=\count324
\c@savedtranslator=\count325
\c@shortauthor=\count326
\c@savedshortauthor=\count327
\c@shorteditor=\count328
\c@savedshorteditor=\count329
\c@labelname=\count330
\c@savedlabelname=\count331
\c@institution=\count332
\c@savedinstitution=\count333
\c@lista=\count334
\c@savedlista=\count335
\c@listb=\count336
\c@savedlistb=\count337
\c@listc=\count338
\c@savedlistc=\count339
\c@listd=\count340
\c@savedlistd=\count341
\c@liste=\count342
\c@savedliste=\count343
\c@listf=\count344
\c@savedlistf=\count345
\c@location=\count346
\c@savedlocation=\count347
\c@organization=\count348
\c@savedorganization=\count349
\c@origlocation=\count350
\c@savedoriglocation=\count351
\c@origpublisher=\count352
\c@savedorigpublisher=\count353
\c@publisher=\count354
\c@savedpublisher=\count355
\c@language=\count356
\c@savedlanguage=\count357
\c@pageref=\count358
\c@savedpageref=\count359
\shorthandwidth=\skip81
\shortjournalwidth=\skip82
\shortserieswidth=\skip83
\shorttitlewidth=\skip84
\shortauthorwidth=\skip85
\shorteditorwidth=\skip86
Package biblatex Info: Trying to load compatibility code...
Package biblatex Info: ... file 'blx-compat.def' found.

(/usr/local/texlive/2015/texmf-dist/tex/latex/biblatex/blx-compat.def
File: blx-compat.def 2015/04/19 v3.0 biblatex compatibility (PK/JW/AB)
)
Package biblatex Info: Trying to load generic definitions...
Package biblatex Info: ... file 'biblatex.def' found.

(/usr/local/texlive/2015/texmf-dist/tex/latex/biblatex/biblatex.def
File: biblatex.def 
\c@textcitecount=\count360
\c@textcitetotal=\count361
\c@textcitemaxnames=\count362
\c@biburlnumpenalty=\count363
\c@biburlucpenalty=\count364
\c@biburllcpenalty=\count365
\c@smartand=\count366
)
Package biblatex Info: Trying to load bibliography style 'numeric'...
Package biblatex Info: ... file 'numeric.bbx' found.

(/usr/local/texlive/2015/texmf-dist/tex/latex/biblatex/bbx/numeric.bbx
File: numeric.bbx 2015/04/19 v3.0 biblatex bibliography style (PK/JW/AB)
Package biblatex Info: Trying to load bibliography style 'standard'...
Package biblatex Info: ... file 'standard.bbx' found.

(/usr/local/texlive/2015/texmf-dist/tex/latex/biblatex/bbx/standard.bbx
File: standard.bbx 2015/04/19 v3.0 biblatex bibliography style (PK/JW/AB)
\c@bbx:relatedcount=\count367
\c@bbx:relatedtotal=\count368
))
Package biblatex Info: Trying to load citation style 'numeric'...
Package biblatex Info: ... file 'numeric.cbx' found.

(/usr/local/texlive/2015/texmf-dist/tex/latex/biblatex/cbx/numeric.cbx
File: numeric.cbx 2015/04/19 v3.0 biblatex citation style (PK/JW/AB)
Package biblatex Info: Redefining '\cite'.
Package biblatex Info: Redefining '\parencite'.
Package biblatex Info: Redefining '\footcite'.
Package biblatex Info: Redefining '\footcitetext'.
Package biblatex Info: Redefining '\smartcite'.
Package biblatex Info: Redefining '\supercite'.
Package biblatex Info: Redefining '\textcite'.
Package biblatex Info: Redefining '\textcites'.
Package biblatex Info: Redefining '\cites'.
Package biblatex Info: Redefining '\parencites'.
Package biblatex Info: Redefining '\smartcites'.
)
Package biblatex Info: Trying to load configuration file...
Package biblatex Info: ... file 'biblatex.cfg' found.

(/usr/local/texlive/2015/texmf-dist/tex/latex/biblatex/biblatex.cfg
File: biblatex.cfg 
)))
Package csquotes Info: Checking for multilingual support...
Package csquotes Info: ... found 'babel' package.
Package csquotes Info: Adjusting default style.
Package csquotes Info: Redefining alias 'default' -> 'english'.
Package biblatex Info: Trying to load language 'english'...
Package biblatex Info: ... file 'english.lbx' found.

(/usr/local/texlive/2015/texmf-dist/tex/latex/biblatex/lbx/english.lbx
File: english.lbx 2015/04/19 v3.0 biblatex localization (PK/JW/AB)
)
(./main.aux)
\openout1 = main.aux

LaTeX Font Info:    Checking defaults for OML/cmm/m/it on input line 7.
LaTeX Font Info:    ... okay on input line 7.
LaTeX Font Info:    Checking defaults for T1/cmr/m/n on input line 7.
LaTeX Font Info:    ... okay on input line 7.
LaTeX Font Info:    Checking defaults for OT1/cmr/m/n on input line 7.
LaTeX Font Info:    ... okay on input line 7.
LaTeX Font Info:    Checking defaults for OMS/cmsy/m/n on input line 7.
LaTeX Font Info:    ... okay on input line 7.
LaTeX Font Info:    Checking defaults for OMX/cmex/m/n on input line 7.
LaTeX Font Info:    ... okay on input line 7.
LaTeX Font Info:    Checking defaults for U/cmr/m/n on input line 7.
LaTeX Font Info:    ... okay on input line 7.
LaTeX Font Info:    Checking defaults for TS1/cmr/m/n on input line 7.
LaTeX Font Info:    ... okay on input line 7.
LaTeX Font Info:    Checking defaults for PD1/pdf/m/n on input line 7.
LaTeX Font Info:    ... okay on input line 7.
LaTeX Font Info:    Try loading font information for T1+pnc on input line 7.
 (/usr/local/texlive/2015/texmf-dist/tex/latex/psnfss/t1pnc.fd
File: t1pnc.fd 2001/06/04 font definitions for T1/pnc.
)
(/usr/local/texlive/2015/texmf-dist/tex/context/base/supp-pdf.mkii
[Loading MPS to PDF converter (version 2006.09.02).]
\scratchcounter=\count369
\scratchdimen=\dimen268
\scratchbox=\box66
\nofMPsegments=\count370
\nofMParguments=\count371
\everyMPshowfont=\toks43
\MPscratchCnt=\count372
\MPscratchDim=\dimen269
\MPnumerator=\count373
\makeMPintoPDFobject=\count374
\everyMPtoPDFconversion=\toks44
) (/usr/local/texlive/2015/texmf-dist/tex/latex/oberdiek/epstopdf-base.sty
Package: epstopdf-base 2010/02/09 v2.5 Base part for package epstopdf

(/usr/local/texlive/2015/texmf-dist/tex/latex/oberdiek/grfext.sty
Package: grfext 2010/08/19 v1.1 Manage graphics extensions (HO)
)
Package grfext Info: Graphics extension search list:
(grfext)             [.png,.pdf,.jpg,.mps,.tif,.jpeg,.PNG,.PDF,.JPG,.JPEG,.eps]
(grfext)             \AppendGraphicsExtensions on input line 452.

(/usr/local/texlive/2015/texmf-dist/tex/latex/latexconfig/epstopdf-sys.cfg
File: epstopdf-sys.cfg 2010/07/13 v1.3 Configuration of (r)epstopdf for TeX Live

))
(/usr/local/texlive/2015/texmf-dist/tex/latex/beamer/translator/dicts/translato
r-basic-dictionary/translator-basic-dictionary-English.dict
Dictionary: translator-basic-dictionary, Language: English 
)
(/usr/local/texlive/2015/texmf-dist/tex/latex/beamer/translator/dicts/translato
r-basic-dictionary/translator-basic-dictionary-Norsk.dict
Dictionary: translator-basic-dictionary, Language: Norsk 
)
(/usr/local/texlive/2015/texmf-dist/tex/latex/siunitx/siunitx-abbreviations.cfg
File: siunitx-abbreviations.cfg 2015/01/21 v2.6e siunitx: Abbreviated units
)
\c@lstlisting=\count375

*geometry* driver: auto-detecting
*geometry* detected driver: pdftex
*geometry* verbose mode - [ preamble ] result:
* driver: pdftex
* paper: a4paper
* layout: <same size as paper>
* layoutoffset:(h,v)=(0.0pt,0.0pt)
* modes: includehead includefoot 
* h-part:(L,W,R)=(72.26999pt, 452.9679pt, 72.26999pt)
* v-part:(T,H,B)=(72.26999pt, 700.50687pt, 72.26999pt)
* \paperwidth=597.50787pt
* \paperheight=845.04684pt
* \textwidth=452.9679pt
* \textheight=633.50687pt
* \oddsidemargin=0.0pt
* \evensidemargin=0.0pt
* \topmargin=0.0pt
* \headheight=12.0pt
* \headsep=25.0pt
* \topskip=10.0pt
* \footskip=30.0pt
* \marginparwidth=57.0pt
* \marginparsep=11.0pt
* \columnsep=10.0pt
* \skip\footins=9.0pt plus 4.0pt minus 2.0pt
* \hoffset=0.0pt
* \voffset=0.0pt
* \mag=1000
* \@twocolumnfalse
* \@twosidefalse
* \@mparswitchfalse
* \@reversemarginfalse
* (1in=72.27pt=25.4mm, 1cm=28.453pt)

\AtBeginShipoutBox=\box67
ABD: EveryShipout initializing macros
Package hyperref Info: Link coloring OFF on input line 7.

(/usr/local/texlive/2015/texmf-dist/tex/latex/hyperref/nameref.sty
Package: nameref 2012/10/27 v2.43 Cross-referencing by name of section

(/usr/local/texlive/2015/texmf-dist/tex/generic/oberdiek/gettitlestring.sty
Package: gettitlestring 2010/12/03 v1.4 Cleanup title references (HO)
)
\c@section@level=\count376
)
LaTeX Info: Redefining \ref on input line 7.
LaTeX Info: Redefining \pageref on input line 7.
LaTeX Info: Redefining \nameref on input line 7.

(./main.out) (./main.out)
\@outlinefile=\write5

\openout5 = main.out
Package caption Info: Begin \AtBeginDocument code.
Package caption Info: End \AtBeginDocument code.
Package biblatex Info: LuaTeX detected.
(biblatex)             Assuming input encoding 'utf8'.
Package biblatex Info: Automatic encoding selection.
(biblatex)             Assuming data encoding 'utf8'.

\openout4 = main.bcf
Package biblatex Info: Trying to load bibliographic data...
Package biblatex Info: ... file 'main.bbl' found.
 (./main.bbl)
Package biblatex Info: Reference section=0 on input line 7.
Package biblatex Info: Reference segment=0 on input line 7.
\c__siunitx_mathsf_int=\count377
LaTeX Font Info:    Try loading font information for U+msa on input line 7.

(/usr/local/texlive/2015/texmf-dist/tex/latex/amsfonts/umsa.fd
File: umsa.fd 2013/01/14 v3.01 AMS symbols A
)
LaTeX Font Info:    Try loading font information for U+msb on input line 7.

(/usr/local/texlive/2015/texmf-dist/tex/latex/amsfonts/umsb.fd
File: umsb.fd 2013/01/14 v3.01 AMS symbols B
)
\c__siunitx_mathtt_int=\count378

<mnfrontpage-images/mnfrontpage-bg-web-8.pdf, id=103, 639.8304pt x 886.99379pt>
File: mnfrontpage-images/mnfrontpage-bg-web-8.pdf Graphic file (type pdf)
<use mnfrontpage-images/mnfrontpage-bg-web-8.pdf>
Package pdftex.def Info: mnfrontpage-images/mnfrontpage-bg-web-8.pdf used on inp
ut line 8.
(pdftex.def)             Requested size: 639.82883pt x 886.99162pt.

<mnfrontpage-images/mnfrontpage-apollon.pdf, id=104, 142.5325pt x 142.5325pt>
File: mnfrontpage-images/mnfrontpage-apollon.pdf Graphic file (type pdf)

<use mnfrontpage-images/mnfrontpage-apollon.pdf>
Package pdftex.def Info: mnfrontpage-images/mnfrontpage-apollon.pdf used on inpu
t line 8.
(pdftex.def)             Requested size: 76.82243pt x 76.82285pt.

<mnfrontpage-images/mnfrontpage-logo-kjm-bm.pdf, id=105, 755.82375pt x 74.2775p
t>
File: mnfrontpage-images/mnfrontpage-logo-kjm-bm.pdf Graphic file (type pdf)
 <use mnfrontpage-images/mnfrontpage-logo-kjm-bm.pdf>
Package pdftex.def Info: mnfrontpage-images/mnfrontpage-logo-kjm-bm.pdf used on 
input line 8.
(pdftex.def)             Requested size: 453.49774pt x 44.56683pt.
\MNFPtitlelength=\skip87
LaTeX Font Info:    Try loading font information for T1+phv on input line 8.

(/usr/local/texlive/2015/texmf-dist/tex/latex/psnfss/t1phv.fd
File: t1phv.fd 2001/06/04 scalable font definitions for T1/phv.
)
LaTeX Font Info:    Font shape `T1/phv/bx/n' in size <32> not available
(Font)              Font shape `T1/phv/b/n' tried instead on input line 8.
\MNFP@titlelength=\skip88
LaTeX Font Info:    Font shape `T1/phv/bx/n' in size <17> not available
(Font)              Font shape `T1/phv/b/n' tried instead on input line 8.
 [1

{/usr/local/texlive/2015/texmf-var/fonts/map/pdftex/updmap/pdftex.map}<./mnfront
page-images/mnfrontpage-bg-web-8.pdf><./mnfrontpage-images/mnfrontpage-apollon.p
df><./mnfrontpage-images/mnfrontpage-logo-kjm-bm.pdf>]
LaTeX Font Info:    Font shape `T1/pnc/bx/n' in size <14.4> not available
(Font)              Font shape `T1/pnc/b/n' tried instead on input line 10.
 (./abstract/abstract.tex)

Package Fancyhdr Warning: \fancyfoot's `E' option without twoside option is usel
ess on input line 17.


Package Fancyhdr Warning: \fancyfoot's `E' option without twoside option is usel
ess on input line 18.

(./main.toc
LaTeX Font Info:    Font shape `T1/pnc/bx/n' in size <10> not available
(Font)              Font shape `T1/pnc/b/n' tried instead on input line 4.
)
\tf@toc=\write6

\openout6 = main.toc


LaTeX Warning: Reference `LastPage' on page 1 undefined on input line 29.

LuaTeX warning (ext4): destination with the same identifier (name{page.1}) has b
een already used, duplicate ignored
<to be read again> 
\relax 
l.29 
    [1] (./theory/physicaltheory.tex
LaTeX Font Info:    Font shape `T1/pnc/bx/n' in size <12> not available
(Font)              Font shape `T1/pnc/b/n' tried instead on input line 1.
LaTeX Font Info:    Try loading font information for TS1+pnc on input line 6.

(/usr/local/texlive/2015/texmf-dist/tex/latex/psnfss/ts1pnc.fd
File: ts1pnc.fd 2001/06/04 font definitions for TS1/pnc.
)
Missing character: There is no  (U+00A0) in font cmr10!
Missing character: There is no  (U+00A0) in font cmr10!


LaTeX Warning: Reference `LastPage' on page 2 undefined on input line 48.

[2]

LaTeX Warning: Reference `LastPage' on page 3 undefined on input line 83.

[3]

LaTeX Warning: Citation 'zaman2008stability' on page 4 undefined on input line 9
0.

)

LaTeX Warning: Reference `LastPage' on page 4 undefined on input line 36.

[4] (./theory/computationaltheory.tex
Missing character: There is no  (U+00A0) in font cmr10!
Missing character: There is no  (U+00A0) in font cmr10!
Missing character: There is no  (U+00A0) in font cmr10!
Missing character: There is no  (U+00A0) in font cmr10!

Overfull \hbox (13.80272pt too wide) in paragraph at lines 49--49
[][] 
 []


LaTeX Warning: Reference `LastPage' on page 5 undefined on input line 49.

[5]

LaTeX Warning: Citation 'NumPy' on page 6 undefined on input line 71.


LaTeX Warning: Reference `LastPage' on page 6 undefined on input line 77.

[6]) (./result/result.tex

LaTeX Warning: Citation 'Nobody06' on page 7 undefined on input line 4.


LaTeX Warning: Reference `LastPage' on page 7 undefined on input line 18.

[7] <../fig/texfig/RK4_b1T1.png, id=226, 455.301pt x 339.669pt>
File: ../fig/texfig/RK4_b1T1.png Graphic file (type png)

<use ../fig/texfig/RK4_b1T1.png>
Package pdftex.def Info: ../fig/texfig/RK4_b1T1.png used on input line 23.
(pdftex.def)             Requested size: 221.95676pt x 165.58408pt.

<../fig/texfig/RK4_b2T1.png, id=227, 455.301pt x 339.669pt>
File: ../fig/texfig/RK4_b2T1.png Graphic file (type png)

<use ../fig/texfig/RK4_b2T1.png>
Package pdftex.def Info: ../fig/texfig/RK4_b2T1.png used on input line 29.
(pdftex.def)             Requested size: 221.95676pt x 165.58408pt.

<../fig/texfig/RK4_b3T1.png, id=228, 455.301pt x 339.669pt>
File: ../fig/texfig/RK4_b3T1.png Graphic file (type png)

<use ../fig/texfig/RK4_b3T1.png>
Package pdftex.def Info: ../fig/texfig/RK4_b3T1.png used on input line 35.
(pdftex.def)             Requested size: 221.95676pt x 165.58408pt.

<../fig/texfig/RK4_b4T1.png, id=229, 455.301pt x 339.669pt>
File: ../fig/texfig/RK4_b4T1.png Graphic file (type png)

<use ../fig/texfig/RK4_b4T1.png>
Package pdftex.def Info: ../fig/texfig/RK4_b4T1.png used on input line 41.
(pdftex.def)             Requested size: 221.95676pt x 165.58408pt.

<result/Resultater_supervised/tanh_1000_100_001.pdf, id=230, 471.46577pt x 350.
5509pt>
File: result/Resultater_supervised/tanh_1000_100_001.pdf Graphic file (type pdf)

 <use result/Resultater_supervised/tanh_1000_100_001.pdf>
Package pdftex.def Info: result/Resultater_supervised/tanh_1000_100_001.pdf used
 on input line 54.
(pdftex.def)             Requested size: 226.48395pt x 168.4016pt.

<result/Resultater_supervised/tanh_1000_100_01.pdf, id=231, 471.46577pt x 350.5
509pt>
File: result/Resultater_supervised/tanh_1000_100_01.pdf Graphic file (type pdf)
 <use result/Resultater_supervised/tanh_1000_100_01.pdf>
Package pdftex.def Info: result/Resultater_supervised/tanh_1000_100_01.pdf used 
on input line 60.
(pdftex.def)             Requested size: 226.48395pt x 168.4016pt.

Overfull \hbox (4.23996pt too wide) in paragraph at lines 52--63
 [][]$[]$  $[]$ 
 []


LaTeX Warning: Reference `LastPage' on page 8 undefined on input line 66.

[8<../fig/texfig/RK4_b1T1.png><../fig/texfig/RK4_b2T1.png><../fig/texfig/RK4_b3T
1.png><../fig/texfig/RK4_b4T1.png>]
<result/Resultater_supervised/arctan_1000_100_0001.pdf, id=243, 471.46577pt x 3
50.5509pt>
File: result/Resultater_supervised/arctan_1000_100_0001.pdf Graphic file (type p
df)
 <use result/Resultater_supervised/arctan_1000_100_0001.pdf>
Package pdftex.def Info: result/Resultater_supervised/arctan_1000_100_0001.pdf u
sed on input line 72.
(pdftex.def)             Requested size: 226.48395pt x 168.4016pt.

<result/Resultater_supervised/arctan_1000_1000_0001.pdf, id=244, 471.46577pt x 
350.5509pt>
File: result/Resultater_supervised/arctan_1000_1000_0001.pdf Graphic file (type 
pdf)
 <use result/Resultater_supervised/arctan_1000_1000_0001.pdf>
Package pdftex.def Info: result/Resultater_supervised/arctan_1000_1000_0001.pdf 
used on input line 78.
(pdftex.def)             Requested size: 226.48395pt x 168.4016pt.

Overfull \hbox (4.23996pt too wide) in paragraph at lines 70--81
 [][]$[]$  $[]$ 
 []


<result/Resultater_supervised/arctan_100_1000_0001.pdf, id=246, 471.46577pt x 3
50.5509pt>
File: result/Resultater_supervised/arctan_100_1000_0001.pdf Graphic file (type p
df)
 <use result/Resultater_supervised/arctan_100_1000_0001.pdf>
Package pdftex.def Info: result/Resultater_supervised/arctan_100_1000_0001.pdf u
sed on input line 92.
(pdftex.def)             Requested size: 226.48395pt x 168.4016pt.

<result/Resultater_supervised/swish_100_1000_0001.pdf, id=247, 471.46577pt x 35
0.5509pt>
File: result/Resultater_supervised/swish_100_1000_0001.pdf Graphic file (type pd
f)
 <use result/Resultater_supervised/swish_100_1000_0001.pdf>
Package pdftex.def Info: result/Resultater_supervised/swish_100_1000_0001.pdf us
ed on input line 98.
(pdftex.def)             Requested size: 226.48395pt x 168.4016pt.

<result/Resultater_supervised/tanh_100_1000_0001.pdf, id=248, 471.46577pt x 350
.5509pt>
File: result/Resultater_supervised/tanh_100_1000_0001.pdf Graphic file (type pdf
)
 <use result/Resultater_supervised/tanh_100_1000_0001.pdf>
Package pdftex.def Info: result/Resultater_supervised/tanh_100_1000_0001.pdf use
d on input line 104.
(pdftex.def)             Requested size: 226.48395pt x 168.4016pt.

Overfull \hbox (4.23996pt too wide) in paragraph at lines 90--107
 [][]$[]$  $[]$ 
 []


LaTeX Warning: Reference `LastPage' on page 9 undefined on input line 109.

[9<./result/Resultater_supervised/tanh_1000_100_001.pdf><./result/Resultater_sup
ervised/tanh_1000_100_01.pdf><./result/Resultater_supervised/arctan_1000_100_000
1.pdf><./result/Resultater_supervised/arctan_1000_1000_0001.pdf>]
<result/Resultater_supervised/swish_1000_10000_01.pdf, id=421, 471.46577pt x 35
0.5509pt>
File: result/Resultater_supervised/swish_1000_10000_01.pdf Graphic file (type pd
f)
 <use result/Resultater_supervised/swish_1000_10000_01.pdf>
Package pdftex.def Info: result/Resultater_supervised/swish_1000_10000_01.pdf us
ed on input line 113.
(pdftex.def)             Requested size: 226.48395pt x 168.4016pt.


LaTeX Warning: Reference `LastPage' on page 10 undefined on input line 117.

[10<./result/Resultater_supervised/arctan_100_1000_0001.pdf><./result/Resultater
_supervised/swish_100_1000_0001.pdf><./result/Resultater_supervised/tanh_100_100
0_0001.pdf>] <../fig/texfig/MC_T1.png, id=554, 455.301pt x 339.669pt>
File: ../fig/texfig/MC_T1.png Graphic file (type png)

<use ../fig/texfig/MC_T1.png>
Package pdftex.def Info: ../fig/texfig/MC_T1.png used on input line 133.
(pdftex.def)             Requested size: 221.95676pt x 165.58408pt.

<../fig/texfig/MC_T10.png, id=555, 455.301pt x 339.669pt>
File: ../fig/texfig/MC_T10.png Graphic file (type png)

<use ../fig/texfig/MC_T10.png>
Package pdftex.def Info: ../fig/texfig/MC_T10.png used on input line 139.
(pdftex.def)             Requested size: 221.95676pt x 165.58408pt.

<../fig/texfig/MC_T100.png, id=556, 455.301pt x 339.669pt>
File: ../fig/texfig/MC_T100.png Graphic file (type png)

<use ../fig/texfig/MC_T100.png>
Package pdftex.def Info: ../fig/texfig/MC_T100.png used on input line 145.
(pdftex.def)             Requested size: 221.95676pt x 165.58408pt.

<../fig/texfig/MC_T1000.png, id=557, 455.301pt x 339.669pt>
File: ../fig/texfig/MC_T1000.png Graphic file (type png)

<use ../fig/texfig/MC_T1000.png>
Package pdftex.def Info: ../fig/texfig/MC_T1000.png used on input line 151.
(pdftex.def)             Requested size: 221.95676pt x 165.58408pt.


LaTeX Warning: Reference `LastPage' on page 11 undefined on input line 157.

[11<./result/Resultater_supervised/swish_1000_10000_01.pdf>]
<../fig/texfig/MC_b1T3.png, id=606, 455.301pt x 339.669pt>
File: ../fig/texfig/MC_b1T3.png Graphic file (type png)

<use ../fig/texfig/MC_b1T3.png>
Package pdftex.def Info: ../fig/texfig/MC_b1T3.png used on input line 165.
(pdftex.def)             Requested size: 221.95676pt x 165.58408pt.

<../fig/texfig/MC_b2T3.png, id=607, 455.301pt x 339.669pt>
File: ../fig/texfig/MC_b2T3.png Graphic file (type png)

<use ../fig/texfig/MC_b2T3.png>
Package pdftex.def Info: ../fig/texfig/MC_b2T3.png used on input line 171.
(pdftex.def)             Requested size: 221.95676pt x 165.58408pt.

<../fig/texfig/MC_b3T3.png, id=608, 455.301pt x 339.669pt>
File: ../fig/texfig/MC_b3T3.png Graphic file (type png)

<use ../fig/texfig/MC_b3T3.png>
Package pdftex.def Info: ../fig/texfig/MC_b3T3.png used on input line 177.
(pdftex.def)             Requested size: 221.95676pt x 165.58408pt.

<../fig/texfig/MC_b4T3.png, id=609, 455.301pt x 339.669pt>
File: ../fig/texfig/MC_b4T3.png Graphic file (type png)

<use ../fig/texfig/MC_b4T3.png>
Package pdftex.def Info: ../fig/texfig/MC_b4T3.png used on input line 183.
(pdftex.def)             Requested size: 221.95676pt x 165.58408pt.

<../fig/newfig/MCRK4_b1T3.pdf, id=610, 462.52798pt x 346.89601pt>
File: ../fig/newfig/MCRK4_b1T3.pdf Graphic file (type pdf)

<use ../fig/newfig/MCRK4_b1T3.pdf>
Package pdftex.def Info: ../fig/newfig/MCRK4_b1T3.pdf used on input line 189.
(pdftex.def)             Requested size: 271.7835pt x 203.84642pt.


LaTeX Warning: Reference `LastPage' on page 12 undefined on input line 195.

[12<../fig/texfig/MC_T1.png><../fig/texfig/MC_T10.png><../fig/texfig/MC_T100.png
><../fig/texfig/MC_T1000.png>]

LaTeX Warning: Reference `LastPage' on page 13 undefined on input line 199.

[13<../fig/texfig/MC_b1T3.png><../fig/texfig/MC_b2T3.png><../fig/texfig/MC_b3T3.
png><../fig/texfig/MC_b4T3.png><../fig/newfig/MCRK4_b1T3.pdf>]
<../fig/newfig/RK4_vitalDynamics_d001_dI01_e05.pdf, id=674, 462.52798pt x 346.8
9601pt>
File: ../fig/newfig/RK4_vitalDynamics_d001_dI01_e05.pdf Graphic file (type pdf)
 <use ../fig/newfig/RK4_vitalDynamics_d001_dI01_e05.pdf>
Package pdftex.def Info: ../fig/newfig/RK4_vitalDynamics_d001_dI01_e05.pdf used 
on input line 206.
(pdftex.def)             Requested size: 221.95676pt x 166.47113pt.

<../fig/newfig/RK4_vitalDynamics_d001_dI01_e005.pdf, id=675, 462.52798pt x 346.
89601pt>
File: ../fig/newfig/RK4_vitalDynamics_d001_dI01_e005.pdf Graphic file (type pdf)

 <use ../fig/newfig/RK4_vitalDynamics_d001_dI01_e005.pdf>
Package pdftex.def Info: ../fig/newfig/RK4_vitalDynamics_d001_dI01_e005.pdf used
 on input line 212.
(pdftex.def)             Requested size: 221.95676pt x 166.47113pt.

<../fig/newfig/RK4_vitalDynamics_d01_dI30_e05.pdf, id=676, 462.52798pt x 346.89
601pt>
File: ../fig/newfig/RK4_vitalDynamics_d01_dI30_e05.pdf Graphic file (type pdf)
 <use ../fig/newfig/RK4_vitalDynamics_d01_dI30_e05.pdf>
Package pdftex.def Info: ../fig/newfig/RK4_vitalDynamics_d01_dI30_e05.pdf used o
n input line 218.
(pdftex.def)             Requested size: 221.95676pt x 166.47113pt.

<../fig/newfig/RK4_vitalDynamics_d002_dI10_e006.pdf, id=677, 462.52798pt x 346.
89601pt>
File: ../fig/newfig/RK4_vitalDynamics_d002_dI10_e006.pdf Graphic file (type pdf)

 <use ../fig/newfig/RK4_vitalDynamics_d002_dI10_e006.pdf>
Package pdftex.def Info: ../fig/newfig/RK4_vitalDynamics_d002_dI10_e006.pdf used
 on input line 224.
(pdftex.def)             Requested size: 221.95676pt x 166.47113pt.

Underfull \hbox (badness 6204) in paragraph at lines 225--225
[][]\T1/pnc/m/n/9 (d) |low birth-rate ($\OML/cmm/m/it/9 e \OT1/cmr/m/n/9 = 0\OM
L/cmm/m/it/9 :\OT1/cmr/m/n/9 006$\T1/pnc/m/n/9 ), low gen-eral
 []


<../fig/texfig/MC_vitaldynamic_d0002_dI0004_e0006.png, id=678, 455.301pt x 339.
669pt>
File: ../fig/texfig/MC_vitaldynamic_d0002_dI0004_e0006.png Graphic file (type pn
g)
 <use ../fig/texfig/MC_vitaldynamic_d0002_dI0004_e0006.png>
Package pdftex.def Info: ../fig/texfig/MC_vitaldynamic_d0002_dI0004_e0006.png us
ed on input line 236.
(pdftex.def)             Requested size: 221.95676pt x 165.58408pt.

<../fig/texfig/MC_vitaldynamic_d00002_dI0001_e00006.png, id=679, 455.301pt x 33
9.669pt>
File: ../fig/texfig/MC_vitaldynamic_d00002_dI0001_e00006.png Graphic file (type 
png)
 <use ../fig/texfig/MC_vitaldynamic_d00002_dI0001_e00006.png>
Package pdftex.def Info: ../fig/texfig/MC_vitaldynamic_d00002_dI0001_e00006.png 
used on input line 242.
(pdftex.def)             Requested size: 221.95676pt x 165.58408pt.

<../fig/texfig/MC_vitaldynamic_d00002_dI001_e00006.png, id=680, 455.301pt x 339
.669pt>
File: ../fig/texfig/MC_vitaldynamic_d00002_dI001_e00006.png Graphic file (type p
ng)
 <use ../fig/texfig/MC_vitaldynamic_d00002_dI001_e00006.png>
Package pdftex.def Info: ../fig/texfig/MC_vitaldynamic_d00002_dI001_e00006.png u
sed on input line 248.
(pdftex.def)             Requested size: 221.95676pt x 165.58408pt.

<../fig/texfig/MC_vitaldynamic_d00002_dI003_e00006.png, id=681, 455.301pt x 339
.669pt>
File: ../fig/texfig/MC_vitaldynamic_d00002_dI003_e00006.png Graphic file (type p
ng)
 <use ../fig/texfig/MC_vitaldynamic_d00002_dI003_e00006.png>
Package pdftex.def Info: ../fig/texfig/MC_vitaldynamic_d00002_dI003_e00006.png u
sed on input line 254.
(pdftex.def)             Requested size: 221.95676pt x 165.58408pt.


LaTeX Warning: Reference `LastPage' on page 14 undefined on input line 260.

[14<../fig/newfig/RK4_vitalDynamics_d001_dI01_e05.pdf><../fig/newfig/RK4_vitalDy
namics_d001_dI01_e005.pdf><../fig/newfig/RK4_vitalDynamics_d01_dI30_e05.pdf><../
fig/newfig/RK4_vitalDynamics_d002_dI10_e006.pdf>]

LaTeX Warning: Reference `LastPage' on page 15 undefined on input line 263.

[15<../fig/texfig/MC_vitaldynamic_d0002_dI0004_e0006.png><../fig/texfig/MC_vital
dynamic_d00002_dI0001_e00006.png><../fig/texfig/MC_vitaldynamic_d00002_dI001_e00
006.png><../fig/texfig/MC_vitaldynamic_d00002_dI003_e00006.png>]
<../fig/newfig/Vaccine_A=12_T=5.pdf, id=878, 462.52798pt x 346.89601pt>
File: ../fig/newfig/Vaccine_A=12_T=5.pdf Graphic file (type pdf)

<use ../fig/newfig/Vaccine_A=12_T=5.pdf>
Package pdftex.def Info: ../fig/newfig/Vaccine_A=12_T=5.pdf used on input line 2
69.
(pdftex.def)             Requested size: 221.95676pt x 166.47113pt.

<../fig/newfig/Vaccine_A=20_T=5.pdf, id=879, 462.52798pt x 346.89601pt>
File: ../fig/newfig/Vaccine_A=20_T=5.pdf Graphic file (type pdf)

<use ../fig/newfig/Vaccine_A=20_T=5.pdf>
Package pdftex.def Info: ../fig/newfig/Vaccine_A=20_T=5.pdf used on input line 2
75.
(pdftex.def)             Requested size: 221.95676pt x 166.47113pt.

<../fig/texfig/MCSV_A=12T=5.png, id=880, 455.301pt x 339.669pt>
File: ../fig/texfig/MCSV_A=12T=5.png Graphic file (type png)

<use ../fig/texfig/MCSV_A=12T=5.png>
Package pdftex.def Info: ../fig/texfig/MCSV_A=12T=5.png used on input line 281.
(pdftex.def)             Requested size: 221.95676pt x 165.58408pt.

<../fig/texfig/MCSV_A=20T=5.png, id=881, 455.301pt x 339.669pt>
File: ../fig/texfig/MCSV_A=20T=5.png Graphic file (type png)

<use ../fig/texfig/MCSV_A=20T=5.png>
Package pdftex.def Info: ../fig/texfig/MCSV_A=20T=5.png used on input line 287.
(pdftex.def)             Requested size: 221.95676pt x 165.58408pt.


LaTeX Warning: Reference `LastPage' on page 16 undefined on input line 298.

[16<../fig/newfig/Vaccine_A=12_T=5.pdf><../fig/newfig/Vaccine_A=20_T=5.pdf><../f
ig/texfig/MCSV_A=12T=5.png><../fig/texfig/MCSV_A=20T=5.png>]
<../fig/newfig/MC_onlyvaccineT=5f=40.pdf, id=980, 462.52798pt x 346.89601pt>
File: ../fig/newfig/MC_onlyvaccineT=5f=40.pdf Graphic file (type pdf)

<use ../fig/newfig/MC_onlyvaccineT=5f=40.pdf>
Package pdftex.def Info: ../fig/newfig/MC_onlyvaccineT=5f=40.pdf used on input l
ine 304.
(pdftex.def)             Requested size: 135.89174pt x 101.92056pt.

<../fig/newfig/MC_vaccine_SVA=4_T=5f=40_notiming.pdf, id=981, 462.52798pt x 346
.89601pt>
File: ../fig/newfig/MC_vaccine_SVA=4_T=5f=40_notiming.pdf Graphic file (type pdf
)
 <use ../fig/newfig/MC_vaccine_SVA=4_T=5f=40_notiming.pdf>
Package pdftex.def Info: ../fig/newfig/MC_vaccine_SVA=4_T=5f=40_notiming.pdf use
d on input line 310.
(pdftex.def)             Requested size: 135.89174pt x 101.92056pt.

<../fig/newfig/MC_vaccine_SVA=4_T=5f=40_timing.pdf, id=982, 462.52798pt x 346.8
9601pt>
File: ../fig/newfig/MC_vaccine_SVA=4_T=5f=40_timing.pdf Graphic file (type pdf)
 <use ../fig/newfig/MC_vaccine_SVA=4_T=5f=40_timing.pdf>
Package pdftex.def Info: ../fig/newfig/MC_vaccine_SVA=4_T=5f=40_timing.pdf used 
on input line 316.
(pdftex.def)             Requested size: 135.89174pt x 101.92056pt.

<../fig/newfig/RK4Vaccine_f=40_T=5.pdf, id=983, 462.52798pt x 346.89601pt>
File: ../fig/newfig/RK4Vaccine_f=40_T=5.pdf Graphic file (type pdf)

<use ../fig/newfig/RK4Vaccine_f=40_T=5.pdf>
Package pdftex.def Info: ../fig/newfig/RK4Vaccine_f=40_T=5.pdf used on input lin
e 322.
(pdftex.def)             Requested size: 135.89174pt x 101.92056pt.

<../fig/newfig/RK4Vaccine_SVA=2_f=40_T=5.pdf, id=984, 462.52798pt x 346.89601pt
>
File: ../fig/newfig/RK4Vaccine_SVA=2_f=40_T=5.pdf Graphic file (type pdf)
 <use ../fig/newfig/RK4Vaccine_SVA=2_f=40_T=5.pdf>
Package pdftex.def Info: ../fig/newfig/RK4Vaccine_SVA=2_f=40_T=5.pdf used on inp
ut line 328.
(pdftex.def)             Requested size: 135.89174pt x 101.92056pt.

<../fig/newfig/RK4Vaccine_SVA=4_f=40_T=5_timing.pdf, id=985, 462.52798pt x 346.
89601pt>
File: ../fig/newfig/RK4Vaccine_SVA=4_f=40_T=5_timing.pdf Graphic file (type pdf)

 <use ../fig/newfig/RK4Vaccine_SVA=4_f=40_T=5_timing.pdf>
Package pdftex.def Info: ../fig/newfig/RK4Vaccine_SVA=4_f=40_T=5_timing.pdf used
 on input line 334.
(pdftex.def)             Requested size: 135.89174pt x 101.92056pt.
)
(./conclusion/conclusion.tex)

LaTeX Warning: Reference `LastPage' on page 17 undefined on input line 55.

[17<../fig/newfig/MC_onlyvaccineT=5f=40.pdf><../fig/newfig/MC_vaccine_SVA=4_T=5f
=40_notiming.pdf><../fig/newfig/MC_vaccine_SVA=4_T=5f=40_timing.pdf><../fig/newf
ig/RK4Vaccine_f=40_T=5.pdf><../fig/newfig/RK4Vaccine_SVA=2_f=40_T=5.pdf><../fig/
newfig/RK4Vaccine_SVA=4_f=40_T=5_timing.pdf>]

LaTeX Warning: Reference `LastPage' on page 18 undefined on input line 168.

[18]
Package atveryend Info: Empty hook `BeforeClearDocument' on input line 168.
Package atveryend Info: Empty hook `AfterLastShipout' on input line 168.
 (./main.aux)
Package atveryend Info: Executing hook `AtVeryEndDocument' on input line 168.
Package atveryend Info: Executing hook `AtEndAfterFileList' on input line 168.
Package rerunfilecheck Info: File `main.out' has not changed.
(rerunfilecheck)             Checksum: C9D107EFB91B1223305641A766755CCE;1770.


LaTeX Warning: There were undefined references.


Package biblatex Warning: Please (re)run Biber on the file:
(biblatex)                main
(biblatex)                and rerun LaTeX afterwards.

Package logreq Info: Writing requests to 'main.run.xml'.

\openout1 = main.run.xml
Package atveryend Info: Empty hook `AtVeryVeryEnd' on input line 168.
)

Here is how much of LuaTeX's memory you used:
 36712 strings out of 494693
 125200,1144653 words of node,token memory allocated
 537 words of node memory still in use:
   7 hlist, 2 vlist, 2 rule, 2 glue, 1 kern, 54 glue_spec, 1 write nodes
   avail lists: 1:1,2:34,3:344,4:1022,5:226,6:3407,7:73,8:27,9:769,10:275
 38852 multiletter control sequences out of 65536+600000
 95 fonts using 3741963 bytes
 64i,12n,56p,1253b,1727s stack positions out of 5000i,500n,10000p,200000b,100000s
{/usr/local/texlive/2015/texmf-dist/fonts/enc/dvips/base/8r.enc}<</usr/local/tex
live/2015/texmf-dist/fonts/type1/public/amsfonts/cm/cmmi10.pfb><</usr/local/texl
ive/2015/texmf-dist/fonts/type1/public/amsfonts/cm/cmmi6.pfb><</usr/local/texliv
e/2015/texmf-dist/fonts/type1/public/amsfonts/cm/cmmi7.pfb><</usr/local/texlive/
2015/texmf-dist/fonts/type1/public/amsfonts/cm/cmmi9.pfb><</usr/local/texlive/20
15/texmf-dist/fonts/type1/public/amsfonts/cm/cmr10.pfb><</usr/local/texlive/2015
/texmf-dist/fonts/type1/public/amsfonts/cm/cmr7.pfb><</usr/local/texlive/2015/te
xmf-dist/fonts/type1/public/amsfonts/cm/cmr9.pfb><</usr/local/texlive/2015/texmf
-dist/fonts/type1/public/amsfonts/cm/cmsy10.pfb><</usr/local/texlive/2015/texmf-
dist/fonts/type1/public/amsfonts/cm/cmsy7.pfb><</usr/local/texlive/2015/texmf-di
st/fonts/type1/urw/helvetic/uhvb8a.pfb><</usr/local/texlive/2015/texmf-dist/font
s/type1/urw/ncntrsbk/uncb8a.pfb><</usr/local/texlive/2015/texmf-dist/fonts/type1
/urw/ncntrsbk/uncr8a.pfb>
Output written on main.pdf (19 pages, 1215427 bytes).

PDF statistics: 1310 PDF objects out of 1440 (max. 8388607)
 531 compressed objects within 6 object streams
 77 named destinations out of 1000 (max. 131072)
 208 words of extra memory for PDF output out of 10000 (max. 10000000)

