\BOOKMARK [1][-]{section.1}{Abstract}{}% 1
\BOOKMARK [1][-]{section.2}{Physical Theory}{}% 2
\BOOKMARK [2][-]{subsection.2.1}{The SIRS}{section.2}% 3
\BOOKMARK [3][-]{subsubsection.2.1.1}{The steady state}{subsection.2.1}% 4
\BOOKMARK [2][-]{subsection.2.2}{Improvements to SIRS}{section.2}% 5
\BOOKMARK [3][-]{subsubsection.2.2.1}{Vital dynamics}{subsection.2.2}% 6
\BOOKMARK [3][-]{subsubsection.2.2.2}{Seasonal Variation}{subsection.2.2}% 7
\BOOKMARK [3][-]{subsubsection.2.2.3}{Vaccination}{subsection.2.2}% 8
\BOOKMARK [1][-]{section.3}{Computational Theory \046 implementation}{}% 9
\BOOKMARK [2][-]{subsection.3.1}{4h order Runge-Kutta}{section.3}% 10
\BOOKMARK [2][-]{subsection.3.2}{Monte Carlo Simulation}{section.3}% 11
\BOOKMARK [2][-]{subsection.3.3}{Neural networks}{section.3}% 12
\BOOKMARK [1][-]{section.4}{Result \046 Discussion}{}% 13
\BOOKMARK [2][-]{subsection.4.1}{SIRS modelling}{section.4}% 14
\BOOKMARK [3][-]{subsubsection.4.1.1}{4th order Runge-Kutta on the ODEs from SIRS, testing recovery rate.}{subsection.4.1}% 15
\BOOKMARK [3][-]{subsubsection.4.1.2}{Neural networks}{subsection.4.1}% 16
\BOOKMARK [3][-]{subsubsection.4.1.3}{Monte Carlo simulation of simple SIRS model, using different time.}{subsection.4.1}% 17
\BOOKMARK [3][-]{subsubsection.4.1.4}{Monte Carlo simulation of simple SIRS model, testing recovery rate}{subsection.4.1}% 18
\BOOKMARK [2][-]{subsection.4.2}{SIRS modelling with Improvements}{section.4}% 19
\BOOKMARK [3][-]{subsubsection.4.2.1}{Vital dynamics}{subsection.4.2}% 20
\BOOKMARK [3][-]{subsubsection.4.2.2}{Seasonal Variation}{subsection.4.2}% 21
\BOOKMARK [3][-]{subsubsection.4.2.3}{Vaccination}{subsection.4.2}% 22
\BOOKMARK [1][-]{section.5}{Conclusion}{}% 23
\BOOKMARK [1][-]{section.6}{References:}{}% 24
